2019-09-05 20:34:03.458  INFO 16408 --- [main] c.k.c.b.BlogBackstageApplication         : Starting BlogBackstageApplication on DESKTOP-CB3SDTN with PID 16408 (E:\JavaEE\blog_backstage\target\classes started by 开发 in E:\JavaEE\blog_backstage)
2019-09-05 20:34:03.461  INFO 16408 --- [main] c.k.c.b.BlogBackstageApplication         : No active profile set, falling back to default profiles: default
2019-09-05 20:34:04.821  INFO 16408 --- [main] .s.d.r.c.RepositoryConfigurationDelegate : Multiple Spring Data modules found, entering strict repository configuration mode!
2019-09-05 20:34:04.822  INFO 16408 --- [main] .s.d.r.c.RepositoryConfigurationDelegate : Bootstrapping Spring Data repositories in DEFAULT mode.
2019-09-05 20:34:04.947  INFO 16408 --- [main] .s.d.r.c.RepositoryConfigurationDelegate : Finished Spring Data repository scanning in 116ms. Found 5 repository interfaces.
2019-09-05 20:34:04.959  INFO 16408 --- [main] .s.d.r.c.RepositoryConfigurationDelegate : Multiple Spring Data modules found, entering strict repository configuration mode!
2019-09-05 20:34:04.960  INFO 16408 --- [main] .s.d.r.c.RepositoryConfigurationDelegate : Bootstrapping Spring Data repositories in DEFAULT mode.
2019-09-05 20:34:04.983  INFO 16408 --- [main] .RepositoryConfigurationExtensionSupport : Spring Data Redis - Could not safely identify store assignment for repository candidate interface com.karat.cn.blog_backstage.service.reposition.PermissionReposition.
2019-09-05 20:34:04.983  INFO 16408 --- [main] .RepositoryConfigurationExtensionSupport : Spring Data Redis - Could not safely identify store assignment for repository candidate interface com.karat.cn.blog_backstage.service.reposition.RolePermissionReposition.
2019-09-05 20:34:04.984  INFO 16408 --- [main] .RepositoryConfigurationExtensionSupport : Spring Data Redis - Could not safely identify store assignment for repository candidate interface com.karat.cn.blog_backstage.service.reposition.ShiroRoleReposition.
2019-09-05 20:34:04.984  INFO 16408 --- [main] .RepositoryConfigurationExtensionSupport : Spring Data Redis - Could not safely identify store assignment for repository candidate interface com.karat.cn.blog_backstage.service.reposition.ShiroUserReposition.
2019-09-05 20:34:04.985  INFO 16408 --- [main] .RepositoryConfigurationExtensionSupport : Spring Data Redis - Could not safely identify store assignment for repository candidate interface com.karat.cn.blog_backstage.service.reposition.UserRoleReposition.
2019-09-05 20:34:04.985  INFO 16408 --- [main] .s.d.r.c.RepositoryConfigurationDelegate : Finished Spring Data repository scanning in 17ms. Found 0 repository interfaces.
2019-09-05 20:34:05.460  INFO 16408 --- [main] trationDelegate$BeanPostProcessorChecker : Bean 'org.springframework.transaction.annotation.ProxyTransactionManagementConfiguration' of type [org.springframework.transaction.annotation.ProxyTransactionManagementConfiguration$$EnhancerBySpringCGLIB$$6e9c4002] is not eligible for getting processed by all BeanPostProcessors (for example: not eligible for auto-proxying)
2019-09-05 20:34:05.483  INFO 16408 --- [main] trationDelegate$BeanPostProcessorChecker : Bean 'shiroConfig' of type [com.karat.cn.blog_backstage.config.ShiroConfig$$EnhancerBySpringCGLIB$$4a08ad4b] is not eligible for getting processed by all BeanPostProcessors (for example: not eligible for auto-proxying)
2019-09-05 20:34:05.559  INFO 16408 --- [main] trationDelegate$BeanPostProcessorChecker : Bean '(inner bean)#561953e3' of type [org.springframework.beans.factory.config.PropertiesFactoryBean] is not eligible for getting processed by all BeanPostProcessors (for example: not eligible for auto-proxying)
2019-09-05 20:34:05.560  INFO 16408 --- [main] trationDelegate$BeanPostProcessorChecker : Bean '(inner bean)#561953e3' of type [java.util.Properties] is not eligible for getting processed by all BeanPostProcessors (for example: not eligible for auto-proxying)
2019-09-05 20:34:05.563  INFO 16408 --- [main] trationDelegate$BeanPostProcessorChecker : Bean '(inner bean)#40f35e52' of type [org.springframework.data.repository.core.support.PropertiesBasedNamedQueries] is not eligible for getting processed by all BeanPostProcessors (for example: not eligible for auto-proxying)
2019-09-05 20:34:05.567  INFO 16408 --- [main] trationDelegate$BeanPostProcessorChecker : Bean '(inner bean)#59a79443' of type [org.springframework.data.repository.core.support.RepositoryFragmentsFactoryBean] is not eligible for getting processed by all BeanPostProcessors (for example: not eligible for auto-proxying)
2019-09-05 20:34:05.568  INFO 16408 --- [main] trationDelegate$BeanPostProcessorChecker : Bean '(inner bean)#59a79443' of type [org.springframework.data.repository.core.support.RepositoryComposition$RepositoryFragments] is not eligible for getting processed by all BeanPostProcessors (for example: not eligible for auto-proxying)
2019-09-05 20:34:05.574  INFO 16408 --- [main] trationDelegate$BeanPostProcessorChecker : Bean 'org.springframework.boot.autoconfigure.jdbc.DataSourceConfiguration$Hikari' of type [org.springframework.boot.autoconfigure.jdbc.DataSourceConfiguration$Hikari$$EnhancerBySpringCGLIB$$af1ba9ef] is not eligible for getting processed by all BeanPostProcessors (for example: not eligible for auto-proxying)
2019-09-05 20:34:05.602  INFO 16408 --- [main] trationDelegate$BeanPostProcessorChecker : Bean 'spring.datasource-org.springframework.boot.autoconfigure.jdbc.DataSourceProperties' of type [org.springframework.boot.autoconfigure.jdbc.DataSourceProperties] is not eligible for getting processed by all BeanPostProcessors (for example: not eligible for auto-proxying)
2019-09-05 20:34:05.627  INFO 16408 --- [main] trationDelegate$BeanPostProcessorChecker : Bean 'dataSource' of type [com.zaxxer.hikari.HikariDataSource] is not eligible for getting processed by all BeanPostProcessors (for example: not eligible for auto-proxying)
2019-09-05 20:34:05.639  INFO 16408 --- [main] trationDelegate$BeanPostProcessorChecker : Bean 'org.springframework.boot.autoconfigure.jdbc.DataSourceInitializerInvoker' of type [org.springframework.boot.autoconfigure.jdbc.DataSourceInitializerInvoker] is not eligible for getting processed by all BeanPostProcessors (for example: not eligible for auto-proxying)
2019-09-05 20:34:05.644  INFO 16408 --- [main] trationDelegate$BeanPostProcessorChecker : Bean 'spring.jpa-org.springframework.boot.autoconfigure.orm.jpa.JpaProperties' of type [org.springframework.boot.autoconfigure.orm.jpa.JpaProperties] is not eligible for getting processed by all BeanPostProcessors (for example: not eligible for auto-proxying)
2019-09-05 20:34:05.647  INFO 16408 --- [main] trationDelegate$BeanPostProcessorChecker : Bean 'spring.jpa.hibernate-org.springframework.boot.autoconfigure.orm.jpa.HibernateProperties' of type [org.springframework.boot.autoconfigure.orm.jpa.HibernateProperties] is not eligible for getting processed by all BeanPostProcessors (for example: not eligible for auto-proxying)
2019-09-05 20:34:05.649  INFO 16408 --- [main] trationDelegate$BeanPostProcessorChecker : Bean 'org.springframework.boot.autoconfigure.transaction.TransactionAutoConfiguration' of type [org.springframework.boot.autoconfigure.transaction.TransactionAutoConfiguration$$EnhancerBySpringCGLIB$$3103b0c] is not eligible for getting processed by all BeanPostProcessors (for example: not eligible for auto-proxying)
2019-09-05 20:34:05.658  INFO 16408 --- [main] trationDelegate$BeanPostProcessorChecker : Bean 'spring.transaction-org.springframework.boot.autoconfigure.transaction.TransactionProperties' of type [org.springframework.boot.autoconfigure.transaction.TransactionProperties] is not eligible for getting processed by all BeanPostProcessors (for example: not eligible for auto-proxying)
2019-09-05 20:34:05.660  INFO 16408 --- [main] trationDelegate$BeanPostProcessorChecker : Bean 'platformTransactionManagerCustomizers' of type [org.springframework.boot.autoconfigure.transaction.TransactionManagerCustomizers] is not eligible for getting processed by all BeanPostProcessors (for example: not eligible for auto-proxying)
2019-09-05 20:34:05.663  INFO 16408 --- [main] trationDelegate$BeanPostProcessorChecker : Bean 'org.springframework.boot.autoconfigure.jdbc.metadata.DataSourcePoolMetadataProvidersConfiguration$HikariPoolDataSourceMetadataProviderConfiguration' of type [org.springframework.boot.autoconfigure.jdbc.metadata.DataSourcePoolMetadataProvidersConfiguration$HikariPoolDataSourceMetadataProviderConfiguration$$EnhancerBySpringCGLIB$$cef367e6] is not eligible for getting processed by all BeanPostProcessors (for example: not eligible for auto-proxying)
2019-09-05 20:34:05.667  INFO 16408 --- [main] trationDelegate$BeanPostProcessorChecker : Bean 'hikariPoolDataSourceMetadataProvider' of type [org.springframework.boot.autoconfigure.jdbc.metadata.DataSourcePoolMetadataProvidersConfiguration$HikariPoolDataSourceMetadataProviderConfiguration$$Lambda$320/1563699545] is not eligible for getting processed by all BeanPostProcessors (for example: not eligible for auto-proxying)
2019-09-05 20:34:05.676  INFO 16408 --- [main] trationDelegate$BeanPostProcessorChecker : Bean 'org.springframework.boot.autoconfigure.orm.jpa.HibernateJpaConfiguration' of type [org.springframework.boot.autoconfigure.orm.jpa.HibernateJpaConfiguration$$EnhancerBySpringCGLIB$$8d730271] is not eligible for getting processed by all BeanPostProcessors (for example: not eligible for auto-proxying)
2019-09-05 20:34:05.704  INFO 16408 --- [main] trationDelegate$BeanPostProcessorChecker : Bean 'jpaVendorAdapter' of type [org.springframework.orm.jpa.vendor.HibernateJpaVendorAdapter] is not eligible for getting processed by all BeanPostProcessors (for example: not eligible for auto-proxying)
2019-09-05 20:34:05.707  INFO 16408 --- [main] trationDelegate$BeanPostProcessorChecker : Bean 'entityManagerFactoryBuilder' of type [org.springframework.boot.orm.jpa.EntityManagerFactoryBuilder] is not eligible for getting processed by all BeanPostProcessors (for example: not eligible for auto-proxying)
2019-09-05 20:34:05.714  INFO 16408 --- [main] com.zaxxer.hikari.HikariDataSource       : HikariPool-1 - Starting...
2019-09-05 20:34:05.716  WARN 16408 --- [main] com.zaxxer.hikari.util.DriverDataSource  : Registered driver with driverClassName=com.mysql.jdbc.Driver was not found, trying direct instantiation.
2019-09-05 20:34:06.939  INFO 16408 --- [main] com.zaxxer.hikari.HikariDataSource       : HikariPool-1 - Start completed.
2019-09-05 20:34:06.999  INFO 16408 --- [main] o.hibernate.jpa.internal.util.LogHelper  : HHH000204: Processing PersistenceUnitInfo [
	name: default
	...]
2019-09-05 20:34:07.077  INFO 16408 --- [main] org.hibernate.Version                    : HHH000412: Hibernate Core {5.3.10.Final}
2019-09-05 20:34:07.079  INFO 16408 --- [main] org.hibernate.cfg.Environment            : HHH000206: hibernate.properties not found
2019-09-05 20:34:07.266  INFO 16408 --- [main] o.hibernate.annotations.common.Version   : HCANN000001: Hibernate Commons Annotations {5.0.4.Final}
2019-09-05 20:34:07.545  INFO 16408 --- [main] org.hibernate.dialect.Dialect            : HHH000400: Using dialect: org.hibernate.dialect.MySQL5Dialect
2019-09-05 20:34:08.278  INFO 16408 --- [main] j.LocalContainerEntityManagerFactoryBean : Initialized JPA EntityManagerFactory for persistence unit 'default'
2019-09-05 20:34:08.280  INFO 16408 --- [main] trationDelegate$BeanPostProcessorChecker : Bean 'entityManagerFactory' of type [org.springframework.orm.jpa.LocalContainerEntityManagerFactoryBean] is not eligible for getting processed by all BeanPostProcessors (for example: not eligible for auto-proxying)
2019-09-05 20:34:08.280  INFO 16408 --- [main] trationDelegate$BeanPostProcessorChecker : Bean 'entityManagerFactory' of type [com.sun.proxy.$Proxy101] is not eligible for getting processed by all BeanPostProcessors (for example: not eligible for auto-proxying)
2019-09-05 20:34:08.289  INFO 16408 --- [main] trationDelegate$BeanPostProcessorChecker : Bean '(inner bean)#45aca496' of type [com.sun.proxy.$Proxy103] is not eligible for getting processed by all BeanPostProcessors (for example: not eligible for auto-proxying)
2019-09-05 20:34:08.302  INFO 16408 --- [main] trationDelegate$BeanPostProcessorChecker : Bean 'jpaMappingContext' of type [org.springframework.data.jpa.repository.config.JpaMetamodelMappingContextFactoryBean] is not eligible for getting processed by all BeanPostProcessors (for example: not eligible for auto-proxying)
2019-09-05 20:34:08.302  INFO 16408 --- [main] trationDelegate$BeanPostProcessorChecker : Bean 'jpaMappingContext' of type [org.springframework.data.jpa.mapping.JpaMetamodelMappingContext] is not eligible for getting processed by all BeanPostProcessors (for example: not eligible for auto-proxying)
2019-09-05 20:34:08.606  INFO 16408 --- [main] trationDelegate$BeanPostProcessorChecker : Bean 'shiroUserReposition' of type [org.springframework.data.jpa.repository.support.JpaRepositoryFactoryBean] is not eligible for getting processed by all BeanPostProcessors (for example: not eligible for auto-proxying)
2019-09-05 20:34:08.607  INFO 16408 --- [main] trationDelegate$BeanPostProcessorChecker : Bean 'shiroUserReposition' of type [com.sun.proxy.$Proxy105] is not eligible for getting processed by all BeanPostProcessors (for example: not eligible for auto-proxying)
2019-09-05 20:34:08.616  INFO 16408 --- [main] trationDelegate$BeanPostProcessorChecker : Bean '(inner bean)#42b500aa' of type [org.springframework.beans.factory.config.PropertiesFactoryBean] is not eligible for getting processed by all BeanPostProcessors (for example: not eligible for auto-proxying)
2019-09-05 20:34:08.617  INFO 16408 --- [main] trationDelegate$BeanPostProcessorChecker : Bean '(inner bean)#42b500aa' of type [java.util.Properties] is not eligible for getting processed by all BeanPostProcessors (for example: not eligible for auto-proxying)
2019-09-05 20:34:08.617  INFO 16408 --- [main] trationDelegate$BeanPostProcessorChecker : Bean '(inner bean)#5521407f' of type [org.springframework.data.repository.core.support.PropertiesBasedNamedQueries] is not eligible for getting processed by all BeanPostProcessors (for example: not eligible for auto-proxying)
2019-09-05 20:34:08.617  INFO 16408 --- [main] trationDelegate$BeanPostProcessorChecker : Bean '(inner bean)#5151accb' of type [org.springframework.data.repository.core.support.RepositoryFragmentsFactoryBean] is not eligible for getting processed by all BeanPostProcessors (for example: not eligible for auto-proxying)
2019-09-05 20:34:08.618  INFO 16408 --- [main] trationDelegate$BeanPostProcessorChecker : Bean '(inner bean)#5151accb' of type [org.springframework.data.repository.core.support.RepositoryComposition$RepositoryFragments] is not eligible for getting processed by all BeanPostProcessors (for example: not eligible for auto-proxying)
2019-09-05 20:34:08.619  INFO 16408 --- [main] trationDelegate$BeanPostProcessorChecker : Bean '(inner bean)#1de6dc80' of type [com.sun.proxy.$Proxy103] is not eligible for getting processed by all BeanPostProcessors (for example: not eligible for auto-proxying)
2019-09-05 20:34:08.630  INFO 16408 --- [main] trationDelegate$BeanPostProcessorChecker : Bean 'userRoleReposition' of type [org.springframework.data.jpa.repository.support.JpaRepositoryFactoryBean] is not eligible for getting processed by all BeanPostProcessors (for example: not eligible for auto-proxying)
2019-09-05 20:34:08.631  INFO 16408 --- [main] trationDelegate$BeanPostProcessorChecker : Bean 'userRoleReposition' of type [com.sun.proxy.$Proxy108] is not eligible for getting processed by all BeanPostProcessors (for example: not eligible for auto-proxying)
2019-09-05 20:34:08.631  INFO 16408 --- [main] trationDelegate$BeanPostProcessorChecker : Bean 'userRoleServiceImpl' of type [com.karat.cn.blog_backstage.service.impl.UserRoleServiceImpl] is not eligible for getting processed by all BeanPostProcessors (for example: not eligible for auto-proxying)
2019-09-05 20:34:08.636  INFO 16408 --- [main] trationDelegate$BeanPostProcessorChecker : Bean '(inner bean)#726ef6aa' of type [org.springframework.beans.factory.config.PropertiesFactoryBean] is not eligible for getting processed by all BeanPostProcessors (for example: not eligible for auto-proxying)
2019-09-05 20:34:08.636  INFO 16408 --- [main] trationDelegate$BeanPostProcessorChecker : Bean '(inner bean)#726ef6aa' of type [java.util.Properties] is not eligible for getting processed by all BeanPostProcessors (for example: not eligible for auto-proxying)
2019-09-05 20:34:08.637  INFO 16408 --- [main] trationDelegate$BeanPostProcessorChecker : Bean '(inner bean)#6a07e6ca' of type [org.springframework.data.repository.core.support.PropertiesBasedNamedQueries] is not eligible for getting processed by all BeanPostProcessors (for example: not eligible for auto-proxying)
2019-09-05 20:34:08.637  INFO 16408 --- [main] trationDelegate$BeanPostProcessorChecker : Bean '(inner bean)#49665f92' of type [org.springframework.data.repository.core.support.RepositoryFragmentsFactoryBean] is not eligible for getting processed by all BeanPostProcessors (for example: not eligible for auto-proxying)
2019-09-05 20:34:08.637  INFO 16408 --- [main] trationDelegate$BeanPostProcessorChecker : Bean '(inner bean)#49665f92' of type [org.springframework.data.repository.core.support.RepositoryComposition$RepositoryFragments] is not eligible for getting processed by all BeanPostProcessors (for example: not eligible for auto-proxying)
2019-09-05 20:34:08.638  INFO 16408 --- [main] trationDelegate$BeanPostProcessorChecker : Bean '(inner bean)#7adff6cb' of type [com.sun.proxy.$Proxy103] is not eligible for getting processed by all BeanPostProcessors (for example: not eligible for auto-proxying)
2019-09-05 20:34:08.646  INFO 16408 --- [main] trationDelegate$BeanPostProcessorChecker : Bean 'shiroRoleReposition' of type [org.springframework.data.jpa.repository.support.JpaRepositoryFactoryBean] is not eligible for getting processed by all BeanPostProcessors (for example: not eligible for auto-proxying)
2019-09-05 20:34:08.646  INFO 16408 --- [main] trationDelegate$BeanPostProcessorChecker : Bean 'shiroRoleReposition' of type [com.sun.proxy.$Proxy109] is not eligible for getting processed by all BeanPostProcessors (for example: not eligible for auto-proxying)
2019-09-05 20:34:08.646  INFO 16408 --- [main] trationDelegate$BeanPostProcessorChecker : Bean 'shiroRoleServiceImpl' of type [com.karat.cn.blog_backstage.service.impl.ShiroRoleServiceImpl] is not eligible for getting processed by all BeanPostProcessors (for example: not eligible for auto-proxying)
2019-09-05 20:34:08.651  INFO 16408 --- [main] trationDelegate$BeanPostProcessorChecker : Bean '(inner bean)#4db16677' of type [org.springframework.beans.factory.config.PropertiesFactoryBean] is not eligible for getting processed by all BeanPostProcessors (for example: not eligible for auto-proxying)
2019-09-05 20:34:08.651  INFO 16408 --- [main] trationDelegate$BeanPostProcessorChecker : Bean '(inner bean)#4db16677' of type [java.util.Properties] is not eligible for getting processed by all BeanPostProcessors (for example: not eligible for auto-proxying)
2019-09-05 20:34:08.652  INFO 16408 --- [main] trationDelegate$BeanPostProcessorChecker : Bean '(inner bean)#36453773' of type [org.springframework.data.repository.core.support.PropertiesBasedNamedQueries] is not eligible for getting processed by all BeanPostProcessors (for example: not eligible for auto-proxying)
2019-09-05 20:34:08.652  INFO 16408 --- [main] trationDelegate$BeanPostProcessorChecker : Bean '(inner bean)#18f8e2e0' of type [org.springframework.data.repository.core.support.RepositoryFragmentsFactoryBean] is not eligible for getting processed by all BeanPostProcessors (for example: not eligible for auto-proxying)
2019-09-05 20:34:08.652  INFO 16408 --- [main] trationDelegate$BeanPostProcessorChecker : Bean '(inner bean)#18f8e2e0' of type [org.springframework.data.repository.core.support.RepositoryComposition$RepositoryFragments] is not eligible for getting processed by all BeanPostProcessors (for example: not eligible for auto-proxying)
2019-09-05 20:34:08.653  INFO 16408 --- [main] trationDelegate$BeanPostProcessorChecker : Bean '(inner bean)#3dee3a6c' of type [com.sun.proxy.$Proxy103] is not eligible for getting processed by all BeanPostProcessors (for example: not eligible for auto-proxying)
2019-09-05 20:34:08.661  INFO 16408 --- [main] trationDelegate$BeanPostProcessorChecker : Bean 'rolePermissionReposition' of type [org.springframework.data.jpa.repository.support.JpaRepositoryFactoryBean] is not eligible for getting processed by all BeanPostProcessors (for example: not eligible for auto-proxying)
2019-09-05 20:34:08.661  INFO 16408 --- [main] trationDelegate$BeanPostProcessorChecker : Bean 'rolePermissionReposition' of type [com.sun.proxy.$Proxy110] is not eligible for getting processed by all BeanPostProcessors (for example: not eligible for auto-proxying)
2019-09-05 20:34:08.662  INFO 16408 --- [main] trationDelegate$BeanPostProcessorChecker : Bean 'rolePermissionServiceImpl' of type [com.karat.cn.blog_backstage.service.impl.RolePermissionServiceImpl] is not eligible for getting processed by all BeanPostProcessors (for example: not eligible for auto-proxying)
2019-09-05 20:34:08.666  INFO 16408 --- [main] trationDelegate$BeanPostProcessorChecker : Bean '(inner bean)#37dec463' of type [org.springframework.beans.factory.config.PropertiesFactoryBean] is not eligible for getting processed by all BeanPostProcessors (for example: not eligible for auto-proxying)
2019-09-05 20:34:08.667  INFO 16408 --- [main] trationDelegate$BeanPostProcessorChecker : Bean '(inner bean)#37dec463' of type [java.util.Properties] is not eligible for getting processed by all BeanPostProcessors (for example: not eligible for auto-proxying)
2019-09-05 20:34:08.667  INFO 16408 --- [main] trationDelegate$BeanPostProcessorChecker : Bean '(inner bean)#2dd08ff1' of type [org.springframework.data.repository.core.support.PropertiesBasedNamedQueries] is not eligible for getting processed by all BeanPostProcessors (for example: not eligible for auto-proxying)
2019-09-05 20:34:08.668  INFO 16408 --- [main] trationDelegate$BeanPostProcessorChecker : Bean '(inner bean)#719bb60d' of type [org.springframework.data.repository.core.support.RepositoryFragmentsFactoryBean] is not eligible for getting processed by all BeanPostProcessors (for example: not eligible for auto-proxying)
2019-09-05 20:34:08.668  INFO 16408 --- [main] trationDelegate$BeanPostProcessorChecker : Bean '(inner bean)#719bb60d' of type [org.springframework.data.repository.core.support.RepositoryComposition$RepositoryFragments] is not eligible for getting processed by all BeanPostProcessors (for example: not eligible for auto-proxying)
2019-09-05 20:34:08.669  INFO 16408 --- [main] trationDelegate$BeanPostProcessorChecker : Bean '(inner bean)#45451333' of type [com.sun.proxy.$Proxy103] is not eligible for getting processed by all BeanPostProcessors (for example: not eligible for auto-proxying)
2019-09-05 20:34:08.676  INFO 16408 --- [main] trationDelegate$BeanPostProcessorChecker : Bean 'permissionReposition' of type [org.springframework.data.jpa.repository.support.JpaRepositoryFactoryBean] is not eligible for getting processed by all BeanPostProcessors (for example: not eligible for auto-proxying)
2019-09-05 20:34:08.676  INFO 16408 --- [main] trationDelegate$BeanPostProcessorChecker : Bean 'permissionReposition' of type [com.sun.proxy.$Proxy111] is not eligible for getting processed by all BeanPostProcessors (for example: not eligible for auto-proxying)
2019-09-05 20:34:08.676  INFO 16408 --- [main] trationDelegate$BeanPostProcessorChecker : Bean 'permissionServiceImpl' of type [com.karat.cn.blog_backstage.service.impl.PermissionServiceImpl] is not eligible for getting processed by all BeanPostProcessors (for example: not eligible for auto-proxying)
2019-09-05 20:34:08.677  INFO 16408 --- [main] trationDelegate$BeanPostProcessorChecker : Bean 'shiroUserServiceImpl' of type [com.karat.cn.blog_backstage.service.impl.ShiroUserServiceImpl] is not eligible for getting processed by all BeanPostProcessors (for example: not eligible for auto-proxying)
2019-09-05 20:34:08.677  INFO 16408 --- [main] trationDelegate$BeanPostProcessorChecker : Bean 'myRealm' of type [com.karat.cn.blog_backstage.config.Realm] is not eligible for getting processed by all BeanPostProcessors (for example: not eligible for auto-proxying)
2019-09-05 20:34:08.681  INFO 16408 --- [main] trationDelegate$BeanPostProcessorChecker : Bean 'securityManager' of type [org.apache.shiro.web.mgt.DefaultWebSecurityManager] is not eligible for getting processed by all BeanPostProcessors (for example: not eligible for auto-proxying)
2019-09-05 20:34:08.691  INFO 16408 --- [main] trationDelegate$BeanPostProcessorChecker : Bean 'authorizationAttributeSourceAdvisor' of type [org.apache.shiro.spring.security.interceptor.AuthorizationAttributeSourceAdvisor] is not eligible for getting processed by all BeanPostProcessors (for example: not eligible for auto-proxying)
2019-09-05 20:34:09.055  INFO 16408 --- [main] o.s.b.w.embedded.tomcat.TomcatWebServer  : Tomcat initialized with port(s): 8080 (http)
2019-09-05 20:34:09.079  INFO 16408 --- [main] o.apache.catalina.core.StandardService   : Starting service [Tomcat]
2019-09-05 20:34:09.080  INFO 16408 --- [main] org.apache.catalina.core.StandardEngine  : Starting Servlet engine: [Apache Tomcat/9.0.22]
2019-09-05 20:34:09.300  INFO 16408 --- [main] o.a.c.c.C.[Tomcat].[localhost].[/]       : Initializing Spring embedded WebApplicationContext
2019-09-05 20:34:09.300  INFO 16408 --- [main] o.s.web.context.ContextLoader            : Root WebApplicationContext: initialization completed in 5780 ms
2019-09-05 20:34:10.493  INFO 16408 --- [main] o.s.s.concurrent.ThreadPoolTaskExecutor  : Initializing ExecutorService 'applicationTaskExecutor'
2019-09-05 20:34:10.544  WARN 16408 --- [main] aWebConfiguration$JpaWebMvcConfiguration : spring.jpa.open-in-view is enabled by default. Therefore, database queries may be performed during view rendering. Explicitly configure spring.jpa.open-in-view to disable this warning
2019-09-05 20:34:10.606  INFO 16408 --- [main] o.s.b.a.w.s.WelcomePageHandlerMapping    : Adding welcome page template: index
2019-09-05 20:34:11.144  INFO 16408 --- [main] o.s.b.a.e.web.EndpointLinksResolver      : Exposing 17 endpoint(s) beneath base path '/actuator'
2019-09-05 20:34:11.254  INFO 16408 --- [main] o.s.b.w.embedded.tomcat.TomcatWebServer  : Tomcat started on port(s): 8080 (http) with context path ''
2019-09-05 20:34:11.256  INFO 16408 --- [main] c.k.c.b.BlogBackstageApplication         : Started BlogBackstageApplication in 8.405 seconds (JVM running for 9.677)
2019-09-05 20:34:11.359  INFO 16408 --- [RMI TCP Connection(4)-127.0.0.1] o.a.c.c.C.[Tomcat].[localhost].[/]       : Initializing Spring DispatcherServlet 'dispatcherServlet'
2019-09-05 20:34:11.360  INFO 16408 --- [RMI TCP Connection(4)-127.0.0.1] o.s.web.servlet.DispatcherServlet        : Initializing Servlet 'dispatcherServlet'
2019-09-05 20:34:11.377  INFO 16408 --- [RMI TCP Connection(4)-127.0.0.1] o.s.web.servlet.DispatcherServlet        : Completed initialization in 17 ms
2019-09-05 20:34:11.676  INFO 16408 --- [parallel-1] io.lettuce.core.EpollProvider            : Starting without optional epoll library
2019-09-05 20:34:11.678  INFO 16408 --- [parallel-1] io.lettuce.core.KqueueProvider           : Starting without optional kqueue library
2019-09-05 20:34:39.386  INFO 13772 --- [main] c.k.c.b.BlogBackstageApplication         : Starting BlogBackstageApplication on DESKTOP-CB3SDTN with PID 13772 (E:\JavaEE\blog_backstage\target\classes started by 开发 in E:\JavaEE\blog_backstage)
2019-09-05 20:34:39.389  INFO 13772 --- [main] c.k.c.b.BlogBackstageApplication         : No active profile set, falling back to default profiles: default
2019-09-05 20:34:40.618  INFO 13772 --- [main] .s.d.r.c.RepositoryConfigurationDelegate : Multiple Spring Data modules found, entering strict repository configuration mode!
2019-09-05 20:34:40.619  INFO 13772 --- [main] .s.d.r.c.RepositoryConfigurationDelegate : Bootstrapping Spring Data repositories in DEFAULT mode.
2019-09-05 20:34:40.743  INFO 13772 --- [main] .s.d.r.c.RepositoryConfigurationDelegate : Finished Spring Data repository scanning in 114ms. Found 5 repository interfaces.
2019-09-05 20:34:40.766  INFO 13772 --- [main] .s.d.r.c.RepositoryConfigurationDelegate : Multiple Spring Data modules found, entering strict repository configuration mode!
2019-09-05 20:34:40.767  INFO 13772 --- [main] .s.d.r.c.RepositoryConfigurationDelegate : Bootstrapping Spring Data repositories in DEFAULT mode.
2019-09-05 20:34:40.815  INFO 13772 --- [main] .RepositoryConfigurationExtensionSupport : Spring Data Redis - Could not safely identify store assignment for repository candidate interface com.karat.cn.blog_backstage.service.reposition.PermissionReposition.
2019-09-05 20:34:40.816  INFO 13772 --- [main] .RepositoryConfigurationExtensionSupport : Spring Data Redis - Could not safely identify store assignment for repository candidate interface com.karat.cn.blog_backstage.service.reposition.RolePermissionReposition.
2019-09-05 20:34:40.817  INFO 13772 --- [main] .RepositoryConfigurationExtensionSupport : Spring Data Redis - Could not safely identify store assignment for repository candidate interface com.karat.cn.blog_backstage.service.reposition.ShiroRoleReposition.
2019-09-05 20:34:40.817  INFO 13772 --- [main] .RepositoryConfigurationExtensionSupport : Spring Data Redis - Could not safely identify store assignment for repository candidate interface com.karat.cn.blog_backstage.service.reposition.ShiroUserReposition.
2019-09-05 20:34:40.817  INFO 13772 --- [main] .RepositoryConfigurationExtensionSupport : Spring Data Redis - Could not safely identify store assignment for repository candidate interface com.karat.cn.blog_backstage.service.reposition.UserRoleReposition.
2019-09-05 20:34:40.817  INFO 13772 --- [main] .s.d.r.c.RepositoryConfigurationDelegate : Finished Spring Data repository scanning in 24ms. Found 0 repository interfaces.
2019-09-05 20:34:41.284  INFO 13772 --- [main] trationDelegate$BeanPostProcessorChecker : Bean 'org.springframework.transaction.annotation.ProxyTransactionManagementConfiguration' of type [org.springframework.transaction.annotation.ProxyTransactionManagementConfiguration$$EnhancerBySpringCGLIB$$22fec602] is not eligible for getting processed by all BeanPostProcessors (for example: not eligible for auto-proxying)
2019-09-05 20:34:41.312  INFO 13772 --- [main] trationDelegate$BeanPostProcessorChecker : Bean 'shiroConfig' of type [com.karat.cn.blog_backstage.config.ShiroConfig$$EnhancerBySpringCGLIB$$fe6b334b] is not eligible for getting processed by all BeanPostProcessors (for example: not eligible for auto-proxying)
2019-09-05 20:34:41.398  INFO 13772 --- [main] trationDelegate$BeanPostProcessorChecker : Bean '(inner bean)#6dc1dc69' of type [org.springframework.beans.factory.config.PropertiesFactoryBean] is not eligible for getting processed by all BeanPostProcessors (for example: not eligible for auto-proxying)
2019-09-05 20:34:41.399  INFO 13772 --- [main] trationDelegate$BeanPostProcessorChecker : Bean '(inner bean)#6dc1dc69' of type [java.util.Properties] is not eligible for getting processed by all BeanPostProcessors (for example: not eligible for auto-proxying)
2019-09-05 20:34:41.403  INFO 13772 --- [main] trationDelegate$BeanPostProcessorChecker : Bean '(inner bean)#1eff3cfb' of type [org.springframework.data.repository.core.support.PropertiesBasedNamedQueries] is not eligible for getting processed by all BeanPostProcessors (for example: not eligible for auto-proxying)
2019-09-05 20:34:41.408  INFO 13772 --- [main] trationDelegate$BeanPostProcessorChecker : Bean '(inner bean)#2676dc05' of type [org.springframework.data.repository.core.support.RepositoryFragmentsFactoryBean] is not eligible for getting processed by all BeanPostProcessors (for example: not eligible for auto-proxying)
2019-09-05 20:34:41.409  INFO 13772 --- [main] trationDelegate$BeanPostProcessorChecker : Bean '(inner bean)#2676dc05' of type [org.springframework.data.repository.core.support.RepositoryComposition$RepositoryFragments] is not eligible for getting processed by all BeanPostProcessors (for example: not eligible for auto-proxying)
2019-09-05 20:34:41.415  INFO 13772 --- [main] trationDelegate$BeanPostProcessorChecker : Bean 'org.springframework.boot.autoconfigure.jdbc.DataSourceConfiguration$Hikari' of type [org.springframework.boot.autoconfigure.jdbc.DataSourceConfiguration$Hikari$$EnhancerBySpringCGLIB$$637e2fef] is not eligible for getting processed by all BeanPostProcessors (for example: not eligible for auto-proxying)
2019-09-05 20:34:41.442  INFO 13772 --- [main] trationDelegate$BeanPostProcessorChecker : Bean 'spring.datasource-org.springframework.boot.autoconfigure.jdbc.DataSourceProperties' of type [org.springframework.boot.autoconfigure.jdbc.DataSourceProperties] is not eligible for getting processed by all BeanPostProcessors (for example: not eligible for auto-proxying)
2019-09-05 20:34:41.467  INFO 13772 --- [main] trationDelegate$BeanPostProcessorChecker : Bean 'dataSource' of type [com.zaxxer.hikari.HikariDataSource] is not eligible for getting processed by all BeanPostProcessors (for example: not eligible for auto-proxying)
2019-09-05 20:34:41.477  INFO 13772 --- [main] trationDelegate$BeanPostProcessorChecker : Bean 'org.springframework.boot.autoconfigure.jdbc.DataSourceInitializerInvoker' of type [org.springframework.boot.autoconfigure.jdbc.DataSourceInitializerInvoker] is not eligible for getting processed by all BeanPostProcessors (for example: not eligible for auto-proxying)
2019-09-05 20:34:41.483  INFO 13772 --- [main] trationDelegate$BeanPostProcessorChecker : Bean 'spring.jpa-org.springframework.boot.autoconfigure.orm.jpa.JpaProperties' of type [org.springframework.boot.autoconfigure.orm.jpa.JpaProperties] is not eligible for getting processed by all BeanPostProcessors (for example: not eligible for auto-proxying)
2019-09-05 20:34:41.487  INFO 13772 --- [main] trationDelegate$BeanPostProcessorChecker : Bean 'spring.jpa.hibernate-org.springframework.boot.autoconfigure.orm.jpa.HibernateProperties' of type [org.springframework.boot.autoconfigure.orm.jpa.HibernateProperties] is not eligible for getting processed by all BeanPostProcessors (for example: not eligible for auto-proxying)
2019-09-05 20:34:41.490  INFO 13772 --- [main] trationDelegate$BeanPostProcessorChecker : Bean 'org.springframework.boot.autoconfigure.transaction.TransactionAutoConfiguration' of type [org.springframework.boot.autoconfigure.transaction.TransactionAutoConfiguration$$EnhancerBySpringCGLIB$$b772c10c] is not eligible for getting processed by all BeanPostProcessors (for example: not eligible for auto-proxying)
2019-09-05 20:34:41.504  INFO 13772 --- [main] trationDelegate$BeanPostProcessorChecker : Bean 'spring.transaction-org.springframework.boot.autoconfigure.transaction.TransactionProperties' of type [org.springframework.boot.autoconfigure.transaction.TransactionProperties] is not eligible for getting processed by all BeanPostProcessors (for example: not eligible for auto-proxying)
2019-09-05 20:34:41.507  INFO 13772 --- [main] trationDelegate$BeanPostProcessorChecker : Bean 'platformTransactionManagerCustomizers' of type [org.springframework.boot.autoconfigure.transaction.TransactionManagerCustomizers] is not eligible for getting processed by all BeanPostProcessors (for example: not eligible for auto-proxying)
2019-09-05 20:34:41.512  INFO 13772 --- [main] trationDelegate$BeanPostProcessorChecker : Bean 'org.springframework.boot.autoconfigure.jdbc.metadata.DataSourcePoolMetadataProvidersConfiguration$HikariPoolDataSourceMetadataProviderConfiguration' of type [org.springframework.boot.autoconfigure.jdbc.metadata.DataSourcePoolMetadataProvidersConfiguration$HikariPoolDataSourceMetadataProviderConfiguration$$EnhancerBySpringCGLIB$$8355ede6] is not eligible for getting processed by all BeanPostProcessors (for example: not eligible for auto-proxying)
2019-09-05 20:34:41.517  INFO 13772 --- [main] trationDelegate$BeanPostProcessorChecker : Bean 'hikariPoolDataSourceMetadataProvider' of type [org.springframework.boot.autoconfigure.jdbc.metadata.DataSourcePoolMetadataProvidersConfiguration$HikariPoolDataSourceMetadataProviderConfiguration$$Lambda$320/858846125] is not eligible for getting processed by all BeanPostProcessors (for example: not eligible for auto-proxying)
2019-09-05 20:34:41.528  INFO 13772 --- [main] trationDelegate$BeanPostProcessorChecker : Bean 'org.springframework.boot.autoconfigure.orm.jpa.HibernateJpaConfiguration' of type [org.springframework.boot.autoconfigure.orm.jpa.HibernateJpaConfiguration$$EnhancerBySpringCGLIB$$41d58871] is not eligible for getting processed by all BeanPostProcessors (for example: not eligible for auto-proxying)
2019-09-05 20:34:41.565  INFO 13772 --- [main] trationDelegate$BeanPostProcessorChecker : Bean 'jpaVendorAdapter' of type [org.springframework.orm.jpa.vendor.HibernateJpaVendorAdapter] is not eligible for getting processed by all BeanPostProcessors (for example: not eligible for auto-proxying)
2019-09-05 20:34:41.571  INFO 13772 --- [main] trationDelegate$BeanPostProcessorChecker : Bean 'entityManagerFactoryBuilder' of type [org.springframework.boot.orm.jpa.EntityManagerFactoryBuilder] is not eligible for getting processed by all BeanPostProcessors (for example: not eligible for auto-proxying)
2019-09-05 20:34:41.580  INFO 13772 --- [main] com.zaxxer.hikari.HikariDataSource       : HikariPool-1 - Starting...
2019-09-05 20:34:41.581  WARN 13772 --- [main] com.zaxxer.hikari.util.DriverDataSource  : Registered driver with driverClassName=com.mysql.jdbc.Driver was not found, trying direct instantiation.
2019-09-05 20:34:43.049  INFO 13772 --- [main] com.zaxxer.hikari.HikariDataSource       : HikariPool-1 - Start completed.
2019-09-05 20:34:43.103  INFO 13772 --- [main] o.hibernate.jpa.internal.util.LogHelper  : HHH000204: Processing PersistenceUnitInfo [
	name: default
	...]
2019-09-05 20:34:43.188  INFO 13772 --- [main] org.hibernate.Version                    : HHH000412: Hibernate Core {5.3.10.Final}
2019-09-05 20:34:43.190  INFO 13772 --- [main] org.hibernate.cfg.Environment            : HHH000206: hibernate.properties not found
2019-09-05 20:34:43.384  INFO 13772 --- [main] o.hibernate.annotations.common.Version   : HCANN000001: Hibernate Commons Annotations {5.0.4.Final}
2019-09-05 20:34:43.697  INFO 13772 --- [main] org.hibernate.dialect.Dialect            : HHH000400: Using dialect: org.hibernate.dialect.MySQL5Dialect
2019-09-05 20:34:44.696  INFO 13772 --- [main] j.LocalContainerEntityManagerFactoryBean : Initialized JPA EntityManagerFactory for persistence unit 'default'
2019-09-05 20:34:44.700  INFO 13772 --- [main] trationDelegate$BeanPostProcessorChecker : Bean 'entityManagerFactory' of type [org.springframework.orm.jpa.LocalContainerEntityManagerFactoryBean] is not eligible for getting processed by all BeanPostProcessors (for example: not eligible for auto-proxying)
2019-09-05 20:34:44.700  INFO 13772 --- [main] trationDelegate$BeanPostProcessorChecker : Bean 'entityManagerFactory' of type [com.sun.proxy.$Proxy101] is not eligible for getting processed by all BeanPostProcessors (for example: not eligible for auto-proxying)
2019-09-05 20:34:44.713  INFO 13772 --- [main] trationDelegate$BeanPostProcessorChecker : Bean '(inner bean)#31142d58' of type [com.sun.proxy.$Proxy103] is not eligible for getting processed by all BeanPostProcessors (for example: not eligible for auto-proxying)
2019-09-05 20:34:44.732  INFO 13772 --- [main] trationDelegate$BeanPostProcessorChecker : Bean 'jpaMappingContext' of type [org.springframework.data.jpa.repository.config.JpaMetamodelMappingContextFactoryBean] is not eligible for getting processed by all BeanPostProcessors (for example: not eligible for auto-proxying)
2019-09-05 20:34:44.732  INFO 13772 --- [main] trationDelegate$BeanPostProcessorChecker : Bean 'jpaMappingContext' of type [org.springframework.data.jpa.mapping.JpaMetamodelMappingContext] is not eligible for getting processed by all BeanPostProcessors (for example: not eligible for auto-proxying)
2019-09-05 20:34:45.054  INFO 13772 --- [main] trationDelegate$BeanPostProcessorChecker : Bean 'shiroUserReposition' of type [org.springframework.data.jpa.repository.support.JpaRepositoryFactoryBean] is not eligible for getting processed by all BeanPostProcessors (for example: not eligible for auto-proxying)
2019-09-05 20:34:45.055  INFO 13772 --- [main] trationDelegate$BeanPostProcessorChecker : Bean 'shiroUserReposition' of type [com.sun.proxy.$Proxy105] is not eligible for getting processed by all BeanPostProcessors (for example: not eligible for auto-proxying)
2019-09-05 20:34:45.065  INFO 13772 --- [main] trationDelegate$BeanPostProcessorChecker : Bean '(inner bean)#45451333' of type [org.springframework.beans.factory.config.PropertiesFactoryBean] is not eligible for getting processed by all BeanPostProcessors (for example: not eligible for auto-proxying)
2019-09-05 20:34:45.065  INFO 13772 --- [main] trationDelegate$BeanPostProcessorChecker : Bean '(inner bean)#45451333' of type [java.util.Properties] is not eligible for getting processed by all BeanPostProcessors (for example: not eligible for auto-proxying)
2019-09-05 20:34:45.065  INFO 13772 --- [main] trationDelegate$BeanPostProcessorChecker : Bean '(inner bean)#49639118' of type [org.springframework.data.repository.core.support.PropertiesBasedNamedQueries] is not eligible for getting processed by all BeanPostProcessors (for example: not eligible for auto-proxying)
2019-09-05 20:34:45.066  INFO 13772 --- [main] trationDelegate$BeanPostProcessorChecker : Bean '(inner bean)#70cd122' of type [org.springframework.data.repository.core.support.RepositoryFragmentsFactoryBean] is not eligible for getting processed by all BeanPostProcessors (for example: not eligible for auto-proxying)
2019-09-05 20:34:45.067  INFO 13772 --- [main] trationDelegate$BeanPostProcessorChecker : Bean '(inner bean)#70cd122' of type [org.springframework.data.repository.core.support.RepositoryComposition$RepositoryFragments] is not eligible for getting processed by all BeanPostProcessors (for example: not eligible for auto-proxying)
2019-09-05 20:34:45.068  INFO 13772 --- [main] trationDelegate$BeanPostProcessorChecker : Bean '(inner bean)#59b1edab' of type [com.sun.proxy.$Proxy103] is not eligible for getting processed by all BeanPostProcessors (for example: not eligible for auto-proxying)
2019-09-05 20:34:45.079  INFO 13772 --- [main] trationDelegate$BeanPostProcessorChecker : Bean 'userRoleReposition' of type [org.springframework.data.jpa.repository.support.JpaRepositoryFactoryBean] is not eligible for getting processed by all BeanPostProcessors (for example: not eligible for auto-proxying)
2019-09-05 20:34:45.079  INFO 13772 --- [main] trationDelegate$BeanPostProcessorChecker : Bean 'userRoleReposition' of type [com.sun.proxy.$Proxy108] is not eligible for getting processed by all BeanPostProcessors (for example: not eligible for auto-proxying)
2019-09-05 20:34:45.079  INFO 13772 --- [main] trationDelegate$BeanPostProcessorChecker : Bean 'userRoleServiceImpl' of type [com.karat.cn.blog_backstage.service.impl.UserRoleServiceImpl] is not eligible for getting processed by all BeanPostProcessors (for example: not eligible for auto-proxying)
2019-09-05 20:34:45.085  INFO 13772 --- [main] trationDelegate$BeanPostProcessorChecker : Bean '(inner bean)#7816454d' of type [org.springframework.beans.factory.config.PropertiesFactoryBean] is not eligible for getting processed by all BeanPostProcessors (for example: not eligible for auto-proxying)
2019-09-05 20:34:45.085  INFO 13772 --- [main] trationDelegate$BeanPostProcessorChecker : Bean '(inner bean)#7816454d' of type [java.util.Properties] is not eligible for getting processed by all BeanPostProcessors (for example: not eligible for auto-proxying)
2019-09-05 20:34:45.085  INFO 13772 --- [main] trationDelegate$BeanPostProcessorChecker : Bean '(inner bean)#7096d451' of type [org.springframework.data.repository.core.support.PropertiesBasedNamedQueries] is not eligible for getting processed by all BeanPostProcessors (for example: not eligible for auto-proxying)
2019-09-05 20:34:45.086  INFO 13772 --- [main] trationDelegate$BeanPostProcessorChecker : Bean '(inner bean)#58e5fbe5' of type [org.springframework.data.repository.core.support.RepositoryFragmentsFactoryBean] is not eligible for getting processed by all BeanPostProcessors (for example: not eligible for auto-proxying)
2019-09-05 20:34:45.086  INFO 13772 --- [main] trationDelegate$BeanPostProcessorChecker : Bean '(inner bean)#58e5fbe5' of type [org.springframework.data.repository.core.support.RepositoryComposition$RepositoryFragments] is not eligible for getting processed by all BeanPostProcessors (for example: not eligible for auto-proxying)
2019-09-05 20:34:45.087  INFO 13772 --- [main] trationDelegate$BeanPostProcessorChecker : Bean '(inner bean)#666b91db' of type [com.sun.proxy.$Proxy103] is not eligible for getting processed by all BeanPostProcessors (for example: not eligible for auto-proxying)
2019-09-05 20:34:45.099  INFO 13772 --- [main] trationDelegate$BeanPostProcessorChecker : Bean 'shiroRoleReposition' of type [org.springframework.data.jpa.repository.support.JpaRepositoryFactoryBean] is not eligible for getting processed by all BeanPostProcessors (for example: not eligible for auto-proxying)
2019-09-05 20:34:45.100  INFO 13772 --- [main] trationDelegate$BeanPostProcessorChecker : Bean 'shiroRoleReposition' of type [com.sun.proxy.$Proxy109] is not eligible for getting processed by all BeanPostProcessors (for example: not eligible for auto-proxying)
2019-09-05 20:34:45.100  INFO 13772 --- [main] trationDelegate$BeanPostProcessorChecker : Bean 'shiroRoleServiceImpl' of type [com.karat.cn.blog_backstage.service.impl.ShiroRoleServiceImpl] is not eligible for getting processed by all BeanPostProcessors (for example: not eligible for auto-proxying)
2019-09-05 20:34:45.108  INFO 13772 --- [main] trationDelegate$BeanPostProcessorChecker : Bean '(inner bean)#7db06c50' of type [org.springframework.beans.factory.config.PropertiesFactoryBean] is not eligible for getting processed by all BeanPostProcessors (for example: not eligible for auto-proxying)
2019-09-05 20:34:45.109  INFO 13772 --- [main] trationDelegate$BeanPostProcessorChecker : Bean '(inner bean)#7db06c50' of type [java.util.Properties] is not eligible for getting processed by all BeanPostProcessors (for example: not eligible for auto-proxying)
2019-09-05 20:34:45.109  INFO 13772 --- [main] trationDelegate$BeanPostProcessorChecker : Bean '(inner bean)#3c116f26' of type [org.springframework.data.repository.core.support.PropertiesBasedNamedQueries] is not eligible for getting processed by all BeanPostProcessors (for example: not eligible for auto-proxying)
2019-09-05 20:34:45.110  INFO 13772 --- [main] trationDelegate$BeanPostProcessorChecker : Bean '(inner bean)#4247093b' of type [org.springframework.data.repository.core.support.RepositoryFragmentsFactoryBean] is not eligible for getting processed by all BeanPostProcessors (for example: not eligible for auto-proxying)
2019-09-05 20:34:45.110  INFO 13772 --- [main] trationDelegate$BeanPostProcessorChecker : Bean '(inner bean)#4247093b' of type [org.springframework.data.repository.core.support.RepositoryComposition$RepositoryFragments] is not eligible for getting processed by all BeanPostProcessors (for example: not eligible for auto-proxying)
2019-09-05 20:34:45.110  INFO 13772 --- [main] trationDelegate$BeanPostProcessorChecker : Bean '(inner bean)#3e55eeb9' of type [com.sun.proxy.$Proxy103] is not eligible for getting processed by all BeanPostProcessors (for example: not eligible for auto-proxying)
2019-09-05 20:34:45.121  INFO 13772 --- [main] trationDelegate$BeanPostProcessorChecker : Bean 'rolePermissionReposition' of type [org.springframework.data.jpa.repository.support.JpaRepositoryFactoryBean] is not eligible for getting processed by all BeanPostProcessors (for example: not eligible for auto-proxying)
2019-09-05 20:34:45.122  INFO 13772 --- [main] trationDelegate$BeanPostProcessorChecker : Bean 'rolePermissionReposition' of type [com.sun.proxy.$Proxy110] is not eligible for getting processed by all BeanPostProcessors (for example: not eligible for auto-proxying)
2019-09-05 20:34:45.122  INFO 13772 --- [main] trationDelegate$BeanPostProcessorChecker : Bean 'rolePermissionServiceImpl' of type [com.karat.cn.blog_backstage.service.impl.RolePermissionServiceImpl] is not eligible for getting processed by all BeanPostProcessors (for example: not eligible for auto-proxying)
2019-09-05 20:34:45.128  INFO 13772 --- [main] trationDelegate$BeanPostProcessorChecker : Bean '(inner bean)#12d35bc9' of type [org.springframework.beans.factory.config.PropertiesFactoryBean] is not eligible for getting processed by all BeanPostProcessors (for example: not eligible for auto-proxying)
2019-09-05 20:34:45.128  INFO 13772 --- [main] trationDelegate$BeanPostProcessorChecker : Bean '(inner bean)#12d35bc9' of type [java.util.Properties] is not eligible for getting processed by all BeanPostProcessors (for example: not eligible for auto-proxying)
2019-09-05 20:34:45.129  INFO 13772 --- [main] trationDelegate$BeanPostProcessorChecker : Bean '(inner bean)#4c418496' of type [org.springframework.data.repository.core.support.PropertiesBasedNamedQueries] is not eligible for getting processed by all BeanPostProcessors (for example: not eligible for auto-proxying)
2019-09-05 20:34:45.129  INFO 13772 --- [main] trationDelegate$BeanPostProcessorChecker : Bean '(inner bean)#52035328' of type [org.springframework.data.repository.core.support.RepositoryFragmentsFactoryBean] is not eligible for getting processed by all BeanPostProcessors (for example: not eligible for auto-proxying)
2019-09-05 20:34:45.129  INFO 13772 --- [main] trationDelegate$BeanPostProcessorChecker : Bean '(inner bean)#52035328' of type [org.springframework.data.repository.core.support.RepositoryComposition$RepositoryFragments] is not eligible for getting processed by all BeanPostProcessors (for example: not eligible for auto-proxying)
2019-09-05 20:34:45.130  INFO 13772 --- [main] trationDelegate$BeanPostProcessorChecker : Bean '(inner bean)#3c4c7e51' of type [com.sun.proxy.$Proxy103] is not eligible for getting processed by all BeanPostProcessors (for example: not eligible for auto-proxying)
2019-09-05 20:34:45.138  INFO 13772 --- [main] trationDelegate$BeanPostProcessorChecker : Bean 'permissionReposition' of type [org.springframework.data.jpa.repository.support.JpaRepositoryFactoryBean] is not eligible for getting processed by all BeanPostProcessors (for example: not eligible for auto-proxying)
2019-09-05 20:34:45.139  INFO 13772 --- [main] trationDelegate$BeanPostProcessorChecker : Bean 'permissionReposition' of type [com.sun.proxy.$Proxy111] is not eligible for getting processed by all BeanPostProcessors (for example: not eligible for auto-proxying)
2019-09-05 20:34:45.139  INFO 13772 --- [main] trationDelegate$BeanPostProcessorChecker : Bean 'permissionServiceImpl' of type [com.karat.cn.blog_backstage.service.impl.PermissionServiceImpl] is not eligible for getting processed by all BeanPostProcessors (for example: not eligible for auto-proxying)
2019-09-05 20:34:45.139  INFO 13772 --- [main] trationDelegate$BeanPostProcessorChecker : Bean 'shiroUserServiceImpl' of type [com.karat.cn.blog_backstage.service.impl.ShiroUserServiceImpl] is not eligible for getting processed by all BeanPostProcessors (for example: not eligible for auto-proxying)
2019-09-05 20:34:45.140  INFO 13772 --- [main] trationDelegate$BeanPostProcessorChecker : Bean 'myRealm' of type [com.karat.cn.blog_backstage.config.Realm] is not eligible for getting processed by all BeanPostProcessors (for example: not eligible for auto-proxying)
2019-09-05 20:34:45.146  INFO 13772 --- [main] trationDelegate$BeanPostProcessorChecker : Bean 'securityManager' of type [org.apache.shiro.web.mgt.DefaultWebSecurityManager] is not eligible for getting processed by all BeanPostProcessors (for example: not eligible for auto-proxying)
2019-09-05 20:34:45.157  INFO 13772 --- [main] trationDelegate$BeanPostProcessorChecker : Bean 'authorizationAttributeSourceAdvisor' of type [org.apache.shiro.spring.security.interceptor.AuthorizationAttributeSourceAdvisor] is not eligible for getting processed by all BeanPostProcessors (for example: not eligible for auto-proxying)
2019-09-05 20:34:45.600  INFO 13772 --- [main] o.s.b.w.embedded.tomcat.TomcatWebServer  : Tomcat initialized with port(s): 8080 (http)
2019-09-05 20:34:45.628  INFO 13772 --- [main] o.apache.catalina.core.StandardService   : Starting service [Tomcat]
2019-09-05 20:34:45.628  INFO 13772 --- [main] org.apache.catalina.core.StandardEngine  : Starting Servlet engine: [Apache Tomcat/9.0.22]
2019-09-05 20:34:45.877  INFO 13772 --- [main] o.a.c.c.C.[Tomcat].[localhost].[/]       : Initializing Spring embedded WebApplicationContext
2019-09-05 20:34:45.877  INFO 13772 --- [main] o.s.web.context.ContextLoader            : Root WebApplicationContext: initialization completed in 6418 ms
2019-09-05 20:34:47.046  INFO 13772 --- [main] o.s.s.concurrent.ThreadPoolTaskExecutor  : Initializing ExecutorService 'applicationTaskExecutor'
2019-09-05 20:34:47.108  WARN 13772 --- [main] aWebConfiguration$JpaWebMvcConfiguration : spring.jpa.open-in-view is enabled by default. Therefore, database queries may be performed during view rendering. Explicitly configure spring.jpa.open-in-view to disable this warning
2019-09-05 20:34:47.170  INFO 13772 --- [main] o.s.b.a.w.s.WelcomePageHandlerMapping    : Adding welcome page template: index
2019-09-05 20:34:47.675  INFO 13772 --- [main] o.s.b.a.e.web.EndpointLinksResolver      : Exposing 17 endpoint(s) beneath base path '/actuator'
2019-09-05 20:34:47.782  INFO 13772 --- [main] o.s.b.w.embedded.tomcat.TomcatWebServer  : Tomcat started on port(s): 8080 (http) with context path ''
2019-09-05 20:34:47.784  INFO 13772 --- [main] c.k.c.b.BlogBackstageApplication         : Started BlogBackstageApplication in 9.086 seconds (JVM running for 10.406)
2019-09-05 20:34:47.955  INFO 13772 --- [RMI TCP Connection(6)-127.0.0.1] o.a.c.c.C.[Tomcat].[localhost].[/]       : Initializing Spring DispatcherServlet 'dispatcherServlet'
2019-09-05 20:34:47.956  INFO 13772 --- [RMI TCP Connection(6)-127.0.0.1] o.s.web.servlet.DispatcherServlet        : Initializing Servlet 'dispatcherServlet'
2019-09-05 20:34:47.970  INFO 13772 --- [RMI TCP Connection(6)-127.0.0.1] o.s.web.servlet.DispatcherServlet        : Completed initialization in 14 ms
2019-09-05 20:34:48.358  INFO 13772 --- [parallel-1] io.lettuce.core.EpollProvider            : Starting without optional epoll library
2019-09-05 20:34:48.359  INFO 13772 --- [parallel-1] io.lettuce.core.KqueueProvider           : Starting without optional kqueue library
