2019-09-05 20:33:09.875  INFO 16824 --- [main] c.k.c.b.BlogBackstageApplication         : Starting BlogBackstageApplication on DESKTOP-CB3SDTN with PID 16824 (E:\JavaEE\blog_backstage\target\classes started by ÂºÄÂèë in E:\JavaEE\blog_backstage)
2019-09-05 20:33:09.879  INFO 16824 --- [main] c.k.c.b.BlogBackstageApplication         : No active profile set, falling back to default profiles: default
2019-09-05 20:33:11.514  INFO 16824 --- [main] .s.d.r.c.RepositoryConfigurationDelegate : Multiple Spring Data modules found, entering strict repository configuration mode!
2019-09-05 20:33:11.515  INFO 16824 --- [main] .s.d.r.c.RepositoryConfigurationDelegate : Bootstrapping Spring Data repositories in DEFAULT mode.
2019-09-05 20:33:11.633  INFO 16824 --- [main] .s.d.r.c.RepositoryConfigurationDelegate : Finished Spring Data repository scanning in 109ms. Found 5 repository interfaces.
2019-09-05 20:33:11.647  INFO 16824 --- [main] .s.d.r.c.RepositoryConfigurationDelegate : Multiple Spring Data modules found, entering strict repository configuration mode!
2019-09-05 20:33:11.648  INFO 16824 --- [main] .s.d.r.c.RepositoryConfigurationDelegate : Bootstrapping Spring Data repositories in DEFAULT mode.
2019-09-05 20:33:11.680  INFO 16824 --- [main] .RepositoryConfigurationExtensionSupport : Spring Data Redis - Could not safely identify store assignment for repository candidate interface com.karat.cn.blog_backstage.service.reposition.PermissionReposition.
2019-09-05 20:33:11.681  INFO 16824 --- [main] .RepositoryConfigurationExtensionSupport : Spring Data Redis - Could not safely identify store assignment for repository candidate interface com.karat.cn.blog_backstage.service.reposition.RolePermissionReposition.
2019-09-05 20:33:11.682  INFO 16824 --- [main] .RepositoryConfigurationExtensionSupport : Spring Data Redis - Could not safely identify store assignment for repository candidate interface com.karat.cn.blog_backstage.service.reposition.ShiroRoleReposition.
2019-09-05 20:33:11.683  INFO 16824 --- [main] .RepositoryConfigurationExtensionSupport : Spring Data Redis - Could not safely identify store assignment for repository candidate interface com.karat.cn.blog_backstage.service.reposition.ShiroUserReposition.
2019-09-05 20:33:11.684  INFO 16824 --- [main] .RepositoryConfigurationExtensionSupport : Spring Data Redis - Could not safely identify store assignment for repository candidate interface com.karat.cn.blog_backstage.service.reposition.UserRoleReposition.
2019-09-05 20:33:11.684  INFO 16824 --- [main] .s.d.r.c.RepositoryConfigurationDelegate : Finished Spring Data repository scanning in 28ms. Found 0 repository interfaces.
2019-09-05 20:33:12.178  INFO 16824 --- [main] trationDelegate$BeanPostProcessorChecker : Bean 'org.springframework.transaction.annotation.ProxyTransactionManagementConfiguration' of type [org.springframework.transaction.annotation.ProxyTransactionManagementConfiguration$$EnhancerBySpringCGLIB$$1d59988e] is not eligible for getting processed by all BeanPostProcessors (for example: not eligible for auto-proxying)
2019-09-05 20:33:12.200  INFO 16824 --- [main] trationDelegate$BeanPostProcessorChecker : Bean 'shiroConfig' of type [com.karat.cn.blog_backstage.config.ShiroConfig$$EnhancerBySpringCGLIB$$f8c605d7] is not eligible for getting processed by all BeanPostProcessors (for example: not eligible for auto-proxying)
2019-09-05 20:33:12.279  INFO 16824 --- [main] trationDelegate$BeanPostProcessorChecker : Bean '(inner bean)#1dd74143' of type [org.springframework.beans.factory.config.PropertiesFactoryBean] is not eligible for getting processed by all BeanPostProcessors (for example: not eligible for auto-proxying)
2019-09-05 20:33:12.280  INFO 16824 --- [main] trationDelegate$BeanPostProcessorChecker : Bean '(inner bean)#1dd74143' of type [java.util.Properties] is not eligible for getting processed by all BeanPostProcessors (for example: not eligible for auto-proxying)
2019-09-05 20:33:12.284  INFO 16824 --- [main] trationDelegate$BeanPostProcessorChecker : Bean '(inner bean)#157ec23b' of type [org.springframework.data.repository.core.support.PropertiesBasedNamedQueries] is not eligible for getting processed by all BeanPostProcessors (for example: not eligible for auto-proxying)
2019-09-05 20:33:12.288  INFO 16824 --- [main] trationDelegate$BeanPostProcessorChecker : Bean '(inner bean)#60a19573' of type [org.springframework.data.repository.core.support.RepositoryFragmentsFactoryBean] is not eligible for getting processed by all BeanPostProcessors (for example: not eligible for auto-proxying)
2019-09-05 20:33:12.289  INFO 16824 --- [main] trationDelegate$BeanPostProcessorChecker : Bean '(inner bean)#60a19573' of type [org.springframework.data.repository.core.support.RepositoryComposition$RepositoryFragments] is not eligible for getting processed by all BeanPostProcessors (for example: not eligible for auto-proxying)
2019-09-05 20:33:12.294  INFO 16824 --- [main] trationDelegate$BeanPostProcessorChecker : Bean 'org.springframework.boot.autoconfigure.jdbc.DataSourceConfiguration$Hikari' of type [org.springframework.boot.autoconfigure.jdbc.DataSourceConfiguration$Hikari$$EnhancerBySpringCGLIB$$5dd9027b] is not eligible for getting processed by all BeanPostProcessors (for example: not eligible for auto-proxying)
2019-09-05 20:33:12.322  INFO 16824 --- [main] trationDelegate$BeanPostProcessorChecker : Bean 'spring.datasource-org.springframework.boot.autoconfigure.jdbc.DataSourceProperties' of type [org.springframework.boot.autoconfigure.jdbc.DataSourceProperties] is not eligible for getting processed by all BeanPostProcessors (for example: not eligible for auto-proxying)
2019-09-05 20:33:12.349  INFO 16824 --- [main] trationDelegate$BeanPostProcessorChecker : Bean 'dataSource' of type [com.zaxxer.hikari.HikariDataSource] is not eligible for getting processed by all BeanPostProcessors (for example: not eligible for auto-proxying)
2019-09-05 20:33:12.361  INFO 16824 --- [main] trationDelegate$BeanPostProcessorChecker : Bean 'org.springframework.boot.autoconfigure.jdbc.DataSourceInitializerInvoker' of type [org.springframework.boot.autoconfigure.jdbc.DataSourceInitializerInvoker] is not eligible for getting processed by all BeanPostProcessors (for example: not eligible for auto-proxying)
2019-09-05 20:33:12.368  INFO 16824 --- [main] trationDelegate$BeanPostProcessorChecker : Bean 'spring.jpa-org.springframework.boot.autoconfigure.orm.jpa.JpaProperties' of type [org.springframework.boot.autoconfigure.orm.jpa.JpaProperties] is not eligible for getting processed by all BeanPostProcessors (for example: not eligible for auto-proxying)
2019-09-05 20:33:12.373  INFO 16824 --- [main] trationDelegate$BeanPostProcessorChecker : Bean 'spring.jpa.hibernate-org.springframework.boot.autoconfigure.orm.jpa.HibernateProperties' of type [org.springframework.boot.autoconfigure.orm.jpa.HibernateProperties] is not eligible for getting processed by all BeanPostProcessors (for example: not eligible for auto-proxying)
2019-09-05 20:33:12.378  INFO 16824 --- [main] trationDelegate$BeanPostProcessorChecker : Bean 'org.springframework.boot.autoconfigure.transaction.TransactionAutoConfiguration' of type [org.springframework.boot.autoconfigure.transaction.TransactionAutoConfiguration$$EnhancerBySpringCGLIB$$b1cd9398] is not eligible for getting processed by all BeanPostProcessors (for example: not eligible for auto-proxying)
2019-09-05 20:33:12.387  INFO 16824 --- [main] trationDelegate$BeanPostProcessorChecker : Bean 'spring.transaction-org.springframework.boot.autoconfigure.transaction.TransactionProperties' of type [org.springframework.boot.autoconfigure.transaction.TransactionProperties] is not eligible for getting processed by all BeanPostProcessors (for example: not eligible for auto-proxying)
2019-09-05 20:33:12.389  INFO 16824 --- [main] trationDelegate$BeanPostProcessorChecker : Bean 'platformTransactionManagerCustomizers' of type [org.springframework.boot.autoconfigure.transaction.TransactionManagerCustomizers] is not eligible for getting processed by all BeanPostProcessors (for example: not eligible for auto-proxying)
2019-09-05 20:33:12.395  INFO 16824 --- [main] trationDelegate$BeanPostProcessorChecker : Bean 'org.springframework.boot.autoconfigure.jdbc.metadata.DataSourcePoolMetadataProvidersConfiguration$HikariPoolDataSourceMetadataProviderConfiguration' of type [org.springframework.boot.autoconfigure.jdbc.metadata.DataSourcePoolMetadataProvidersConfiguration$HikariPoolDataSourceMetadataProviderConfiguration$$EnhancerBySpringCGLIB$$7db0c072] is not eligible for getting processed by all BeanPostProcessors (for example: not eligible for auto-proxying)
2019-09-05 20:33:12.400  INFO 16824 --- [main] trationDelegate$BeanPostProcessorChecker : Bean 'hikariPoolDataSourceMetadataProvider' of type [org.springframework.boot.autoconfigure.jdbc.metadata.DataSourcePoolMetadataProvidersConfiguration$HikariPoolDataSourceMetadataProviderConfiguration$$Lambda$320/2117103751] is not eligible for getting processed by all BeanPostProcessors (for example: not eligible for auto-proxying)
2019-09-05 20:33:12.407  INFO 16824 --- [main] trationDelegate$BeanPostProcessorChecker : Bean 'org.springframework.boot.autoconfigure.orm.jpa.HibernateJpaConfiguration' of type [org.springframework.boot.autoconfigure.orm.jpa.HibernateJpaConfiguration$$EnhancerBySpringCGLIB$$3c305afd] is not eligible for getting processed by all BeanPostProcessors (for example: not eligible for auto-proxying)
2019-09-05 20:33:12.431  INFO 16824 --- [main] trationDelegate$BeanPostProcessorChecker : Bean 'jpaVendorAdapter' of type [org.springframework.orm.jpa.vendor.HibernateJpaVendorAdapter] is not eligible for getting processed by all BeanPostProcessors (for example: not eligible for auto-proxying)
2019-09-05 20:33:12.436  INFO 16824 --- [main] trationDelegate$BeanPostProcessorChecker : Bean 'entityManagerFactoryBuilder' of type [org.springframework.boot.orm.jpa.EntityManagerFactoryBuilder] is not eligible for getting processed by all BeanPostProcessors (for example: not eligible for auto-proxying)
2019-09-05 20:33:12.444  INFO 16824 --- [main] com.zaxxer.hikari.HikariDataSource       : HikariPool-1 - Starting...
2019-09-05 20:33:12.445  WARN 16824 --- [main] com.zaxxer.hikari.util.DriverDataSource  : Registered driver with driverClassName=com.mysql.jdbc.Driver was not found, trying direct instantiation.
2019-09-05 20:33:13.712  INFO 16824 --- [main] com.zaxxer.hikari.HikariDataSource       : HikariPool-1 - Start completed.
2019-09-05 20:33:13.769  INFO 16824 --- [main] o.hibernate.jpa.internal.util.LogHelper  : HHH000204: Processing PersistenceUnitInfo [
	name: default
	...]
2019-09-05 20:33:13.855  INFO 16824 --- [main] org.hibernate.Version                    : HHH000412: Hibernate Core {5.3.10.Final}
2019-09-05 20:33:13.857  INFO 16824 --- [main] org.hibernate.cfg.Environment            : HHH000206: hibernate.properties not found
2019-09-05 20:33:14.054  INFO 16824 --- [main] o.hibernate.annotations.common.Version   : HCANN000001: Hibernate Commons Annotations {5.0.4.Final}
2019-09-05 20:33:14.337  INFO 16824 --- [main] org.hibernate.dialect.Dialect            : HHH000400: Using dialect: org.hibernate.dialect.MySQL5Dialect
2019-09-05 20:33:15.102  INFO 16824 --- [main] j.LocalContainerEntityManagerFactoryBean : Initialized JPA EntityManagerFactory for persistence unit 'default'
2019-09-05 20:33:15.105  INFO 16824 --- [main] trationDelegate$BeanPostProcessorChecker : Bean 'entityManagerFactory' of type [org.springframework.orm.jpa.LocalContainerEntityManagerFactoryBean] is not eligible for getting processed by all BeanPostProcessors (for example: not eligible for auto-proxying)
2019-09-05 20:33:15.105  INFO 16824 --- [main] trationDelegate$BeanPostProcessorChecker : Bean 'entityManagerFactory' of type [com.sun.proxy.$Proxy101] is not eligible for getting processed by all BeanPostProcessors (for example: not eligible for auto-proxying)
2019-09-05 20:33:15.113  INFO 16824 --- [main] trationDelegate$BeanPostProcessorChecker : Bean '(inner bean)#51a18b21' of type [com.sun.proxy.$Proxy103] is not eligible for getting processed by all BeanPostProcessors (for example: not eligible for auto-proxying)
2019-09-05 20:33:15.125  INFO 16824 --- [main] trationDelegate$BeanPostProcessorChecker : Bean 'jpaMappingContext' of type [org.springframework.data.jpa.repository.config.JpaMetamodelMappingContextFactoryBean] is not eligible for getting processed by all BeanPostProcessors (for example: not eligible for auto-proxying)
2019-09-05 20:33:15.126  INFO 16824 --- [main] trationDelegate$BeanPostProcessorChecker : Bean 'jpaMappingContext' of type [org.springframework.data.jpa.mapping.JpaMetamodelMappingContext] is not eligible for getting processed by all BeanPostProcessors (for example: not eligible for auto-proxying)
2019-09-05 20:33:15.429  INFO 16824 --- [main] trationDelegate$BeanPostProcessorChecker : Bean 'shiroUserReposition' of type [org.springframework.data.jpa.repository.support.JpaRepositoryFactoryBean] is not eligible for getting processed by all BeanPostProcessors (for example: not eligible for auto-proxying)
2019-09-05 20:33:15.430  INFO 16824 --- [main] trationDelegate$BeanPostProcessorChecker : Bean 'shiroUserReposition' of type [com.sun.proxy.$Proxy105] is not eligible for getting processed by all BeanPostProcessors (for example: not eligible for auto-proxying)
2019-09-05 20:33:15.440  INFO 16824 --- [main] trationDelegate$BeanPostProcessorChecker : Bean '(inner bean)#e645600' of type [org.springframework.beans.factory.config.PropertiesFactoryBean] is not eligible for getting processed by all BeanPostProcessors (for example: not eligible for auto-proxying)
2019-09-05 20:33:15.441  INFO 16824 --- [main] trationDelegate$BeanPostProcessorChecker : Bean '(inner bean)#e645600' of type [java.util.Properties] is not eligible for getting processed by all BeanPostProcessors (for example: not eligible for auto-proxying)
2019-09-05 20:33:15.441  INFO 16824 --- [main] trationDelegate$BeanPostProcessorChecker : Bean '(inner bean)#10d49900' of type [org.springframework.data.repository.core.support.PropertiesBasedNamedQueries] is not eligible for getting processed by all BeanPostProcessors (for example: not eligible for auto-proxying)
2019-09-05 20:33:15.441  INFO 16824 --- [main] trationDelegate$BeanPostProcessorChecker : Bean '(inner bean)#60861e5d' of type [org.springframework.data.repository.core.support.RepositoryFragmentsFactoryBean] is not eligible for getting processed by all BeanPostProcessors (for example: not eligible for auto-proxying)
2019-09-05 20:33:15.442  INFO 16824 --- [main] trationDelegate$BeanPostProcessorChecker : Bean '(inner bean)#60861e5d' of type [org.springframework.data.repository.core.support.RepositoryComposition$RepositoryFragments] is not eligible for getting processed by all BeanPostProcessors (for example: not eligible for auto-proxying)
2019-09-05 20:33:15.442  INFO 16824 --- [main] trationDelegate$BeanPostProcessorChecker : Bean '(inner bean)#47d4e28a' of type [com.sun.proxy.$Proxy103] is not eligible for getting processed by all BeanPostProcessors (for example: not eligible for auto-proxying)
2019-09-05 20:33:15.452  INFO 16824 --- [main] trationDelegate$BeanPostProcessorChecker : Bean 'userRoleReposition' of type [org.springframework.data.jpa.repository.support.JpaRepositoryFactoryBean] is not eligible for getting processed by all BeanPostProcessors (for example: not eligible for auto-proxying)
2019-09-05 20:33:15.452  INFO 16824 --- [main] trationDelegate$BeanPostProcessorChecker : Bean 'userRoleReposition' of type [com.sun.proxy.$Proxy108] is not eligible for getting processed by all BeanPostProcessors (for example: not eligible for auto-proxying)
2019-09-05 20:33:15.453  INFO 16824 --- [main] trationDelegate$BeanPostProcessorChecker : Bean 'userRoleServiceImpl' of type [com.karat.cn.blog_backstage.service.impl.UserRoleServiceImpl] is not eligible for getting processed by all BeanPostProcessors (for example: not eligible for auto-proxying)
2019-09-05 20:33:15.457  INFO 16824 --- [main] trationDelegate$BeanPostProcessorChecker : Bean '(inner bean)#6e66b498' of type [org.springframework.beans.factory.config.PropertiesFactoryBean] is not eligible for getting processed by all BeanPostProcessors (for example: not eligible for auto-proxying)
2019-09-05 20:33:15.457  INFO 16824 --- [main] trationDelegate$BeanPostProcessorChecker : Bean '(inner bean)#6e66b498' of type [java.util.Properties] is not eligible for getting processed by all BeanPostProcessors (for example: not eligible for auto-proxying)
2019-09-05 20:33:15.458  INFO 16824 --- [main] trationDelegate$BeanPostProcessorChecker : Bean '(inner bean)#552ffa44' of type [org.springframework.data.repository.core.support.PropertiesBasedNamedQueries] is not eligible for getting processed by all BeanPostProcessors (for example: not eligible for auto-proxying)
2019-09-05 20:33:15.458  INFO 16824 --- [main] trationDelegate$BeanPostProcessorChecker : Bean '(inner bean)#1e32037d' of type [org.springframework.data.repository.core.support.RepositoryFragmentsFactoryBean] is not eligible for getting processed by all BeanPostProcessors (for example: not eligible for auto-proxying)
2019-09-05 20:33:15.459  INFO 16824 --- [main] trationDelegate$BeanPostProcessorChecker : Bean '(inner bean)#1e32037d' of type [org.springframework.data.repository.core.support.RepositoryComposition$RepositoryFragments] is not eligible for getting processed by all BeanPostProcessors (for example: not eligible for auto-proxying)
2019-09-05 20:33:15.460  INFO 16824 --- [main] trationDelegate$BeanPostProcessorChecker : Bean '(inner bean)#434ee422' of type [com.sun.proxy.$Proxy103] is not eligible for getting processed by all BeanPostProcessors (for example: not eligible for auto-proxying)
2019-09-05 20:33:15.470  INFO 16824 --- [main] trationDelegate$BeanPostProcessorChecker : Bean 'shiroRoleReposition' of type [org.springframework.data.jpa.repository.support.JpaRepositoryFactoryBean] is not eligible for getting processed by all BeanPostProcessors (for example: not eligible for auto-proxying)
2019-09-05 20:33:15.471  INFO 16824 --- [main] trationDelegate$BeanPostProcessorChecker : Bean 'shiroRoleReposition' of type [com.sun.proxy.$Proxy109] is not eligible for getting processed by all BeanPostProcessors (for example: not eligible for auto-proxying)
2019-09-05 20:33:15.471  INFO 16824 --- [main] trationDelegate$BeanPostProcessorChecker : Bean 'shiroRoleServiceImpl' of type [com.karat.cn.blog_backstage.service.impl.ShiroRoleServiceImpl] is not eligible for getting processed by all BeanPostProcessors (for example: not eligible for auto-proxying)
2019-09-05 20:33:15.477  INFO 16824 --- [main] trationDelegate$BeanPostProcessorChecker : Bean '(inner bean)#3c5e4aac' of type [org.springframework.beans.factory.config.PropertiesFactoryBean] is not eligible for getting processed by all BeanPostProcessors (for example: not eligible for auto-proxying)
2019-09-05 20:33:15.477  INFO 16824 --- [main] trationDelegate$BeanPostProcessorChecker : Bean '(inner bean)#3c5e4aac' of type [java.util.Properties] is not eligible for getting processed by all BeanPostProcessors (for example: not eligible for auto-proxying)
2019-09-05 20:33:15.477  INFO 16824 --- [main] trationDelegate$BeanPostProcessorChecker : Bean '(inner bean)#47d81427' of type [org.springframework.data.repository.core.support.PropertiesBasedNamedQueries] is not eligible for getting processed by all BeanPostProcessors (for example: not eligible for auto-proxying)
2019-09-05 20:33:15.478  INFO 16824 --- [main] trationDelegate$BeanPostProcessorChecker : Bean '(inner bean)#4cded2cd' of type [org.springframework.data.repository.core.support.RepositoryFragmentsFactoryBean] is not eligible for getting processed by all BeanPostProcessors (for example: not eligible for auto-proxying)
2019-09-05 20:33:15.478  INFO 16824 --- [main] trationDelegate$BeanPostProcessorChecker : Bean '(inner bean)#4cded2cd' of type [org.springframework.data.repository.core.support.RepositoryComposition$RepositoryFragments] is not eligible for getting processed by all BeanPostProcessors (for example: not eligible for auto-proxying)
2019-09-05 20:33:15.479  INFO 16824 --- [main] trationDelegate$BeanPostProcessorChecker : Bean '(inner bean)#67c2b55d' of type [com.sun.proxy.$Proxy103] is not eligible for getting processed by all BeanPostProcessors (for example: not eligible for auto-proxying)
2019-09-05 20:33:15.486  INFO 16824 --- [main] trationDelegate$BeanPostProcessorChecker : Bean 'rolePermissionReposition' of type [org.springframework.data.jpa.repository.support.JpaRepositoryFactoryBean] is not eligible for getting processed by all BeanPostProcessors (for example: not eligible for auto-proxying)
2019-09-05 20:33:15.487  INFO 16824 --- [main] trationDelegate$BeanPostProcessorChecker : Bean 'rolePermissionReposition' of type [com.sun.proxy.$Proxy110] is not eligible for getting processed by all BeanPostProcessors (for example: not eligible for auto-proxying)
2019-09-05 20:33:15.487  INFO 16824 --- [main] trationDelegate$BeanPostProcessorChecker : Bean 'rolePermissionServiceImpl' of type [com.karat.cn.blog_backstage.service.impl.RolePermissionServiceImpl] is not eligible for getting processed by all BeanPostProcessors (for example: not eligible for auto-proxying)
2019-09-05 20:33:15.492  INFO 16824 --- [main] trationDelegate$BeanPostProcessorChecker : Bean '(inner bean)#51cd2d2' of type [org.springframework.beans.factory.config.PropertiesFactoryBean] is not eligible for getting processed by all BeanPostProcessors (for example: not eligible for auto-proxying)
2019-09-05 20:33:15.492  INFO 16824 --- [main] trationDelegate$BeanPostProcessorChecker : Bean '(inner bean)#51cd2d2' of type [java.util.Properties] is not eligible for getting processed by all BeanPostProcessors (for example: not eligible for auto-proxying)
2019-09-05 20:33:15.492  INFO 16824 --- [main] trationDelegate$BeanPostProcessorChecker : Bean '(inner bean)#237cd264' of type [org.springframework.data.repository.core.support.PropertiesBasedNamedQueries] is not eligible for getting processed by all BeanPostProcessors (for example: not eligible for auto-proxying)
2019-09-05 20:33:15.493  INFO 16824 --- [main] trationDelegate$BeanPostProcessorChecker : Bean '(inner bean)#64f6dd19' of type [org.springframework.data.repository.core.support.RepositoryFragmentsFactoryBean] is not eligible for getting processed by all BeanPostProcessors (for example: not eligible for auto-proxying)
2019-09-05 20:33:15.493  INFO 16824 --- [main] trationDelegate$BeanPostProcessorChecker : Bean '(inner bean)#64f6dd19' of type [org.springframework.data.repository.core.support.RepositoryComposition$RepositoryFragments] is not eligible for getting processed by all BeanPostProcessors (for example: not eligible for auto-proxying)
2019-09-05 20:33:15.494  INFO 16824 --- [main] trationDelegate$BeanPostProcessorChecker : Bean '(inner bean)#2e1ad7de' of type [com.sun.proxy.$Proxy103] is not eligible for getting processed by all BeanPostProcessors (for example: not eligible for auto-proxying)
2019-09-05 20:33:15.501  INFO 16824 --- [main] trationDelegate$BeanPostProcessorChecker : Bean 'permissionReposition' of type [org.springframework.data.jpa.repository.support.JpaRepositoryFactoryBean] is not eligible for getting processed by all BeanPostProcessors (for example: not eligible for auto-proxying)
2019-09-05 20:33:15.502  INFO 16824 --- [main] trationDelegate$BeanPostProcessorChecker : Bean 'permissionReposition' of type [com.sun.proxy.$Proxy111] is not eligible for getting processed by all BeanPostProcessors (for example: not eligible for auto-proxying)
2019-09-05 20:33:15.502  INFO 16824 --- [main] trationDelegate$BeanPostProcessorChecker : Bean 'permissionServiceImpl' of type [com.karat.cn.blog_backstage.service.impl.PermissionServiceImpl] is not eligible for getting processed by all BeanPostProcessors (for example: not eligible for auto-proxying)
2019-09-05 20:33:15.503  INFO 16824 --- [main] trationDelegate$BeanPostProcessorChecker : Bean 'shiroUserServiceImpl' of type [com.karat.cn.blog_backstage.service.impl.ShiroUserServiceImpl] is not eligible for getting processed by all BeanPostProcessors (for example: not eligible for auto-proxying)
2019-09-05 20:33:15.503  INFO 16824 --- [main] trationDelegate$BeanPostProcessorChecker : Bean 'myRealm' of type [com.karat.cn.blog_backstage.config.Realm] is not eligible for getting processed by all BeanPostProcessors (for example: not eligible for auto-proxying)
2019-09-05 20:33:15.508  INFO 16824 --- [main] trationDelegate$BeanPostProcessorChecker : Bean 'securityManager' of type [org.apache.shiro.web.mgt.DefaultWebSecurityManager] is not eligible for getting processed by all BeanPostProcessors (for example: not eligible for auto-proxying)
2019-09-05 20:33:15.518  INFO 16824 --- [main] trationDelegate$BeanPostProcessorChecker : Bean 'authorizationAttributeSourceAdvisor' of type [org.apache.shiro.spring.security.interceptor.AuthorizationAttributeSourceAdvisor] is not eligible for getting processed by all BeanPostProcessors (for example: not eligible for auto-proxying)
2019-09-05 20:33:15.822  INFO 16824 --- [main] o.s.b.w.embedded.tomcat.TomcatWebServer  : Tomcat initialized with port(s): 8080 (http)
2019-09-05 20:33:15.847  INFO 16824 --- [main] o.apache.catalina.core.StandardService   : Starting service [Tomcat]
2019-09-05 20:33:15.847  INFO 16824 --- [main] org.apache.catalina.core.StandardEngine  : Starting Servlet engine: [Apache Tomcat/9.0.22]
2019-09-05 20:33:16.060  INFO 16824 --- [main] o.a.c.c.C.[Tomcat].[localhost].[/]       : Initializing Spring embedded WebApplicationContext
2019-09-05 20:33:16.061  INFO 16824 --- [main] o.s.web.context.ContextLoader            : Root WebApplicationContext: initialization completed in 6095 ms
2019-09-05 20:33:17.251  INFO 16824 --- [main] o.s.s.concurrent.ThreadPoolTaskExecutor  : Initializing ExecutorService 'applicationTaskExecutor'
2019-09-05 20:33:17.304  WARN 16824 --- [main] aWebConfiguration$JpaWebMvcConfiguration : spring.jpa.open-in-view is enabled by default. Therefore, database queries may be performed during view rendering. Explicitly configure spring.jpa.open-in-view to disable this warning
2019-09-05 20:33:17.362  INFO 16824 --- [main] o.s.b.a.w.s.WelcomePageHandlerMapping    : Adding welcome page template: index
2019-09-05 20:33:17.905  INFO 16824 --- [main] o.s.b.a.e.web.EndpointLinksResolver      : Exposing 17 endpoint(s) beneath base path '/actuator'
2019-09-05 20:33:18.013  INFO 16824 --- [main] o.s.b.w.embedded.tomcat.TomcatWebServer  : Tomcat started on port(s): 8080 (http) with context path ''
2019-09-05 20:33:18.016  INFO 16824 --- [main] c.k.c.b.BlogBackstageApplication         : Started BlogBackstageApplication in 8.659 seconds (JVM running for 9.937)
2019-09-05 20:33:18.521  INFO 16824 --- [RMI TCP Connection(4)-127.0.0.1] o.a.c.c.C.[Tomcat].[localhost].[/]       : Initializing Spring DispatcherServlet 'dispatcherServlet'
2019-09-05 20:33:18.521  INFO 16824 --- [RMI TCP Connection(4)-127.0.0.1] o.s.web.servlet.DispatcherServlet        : Initializing Servlet 'dispatcherServlet'
2019-09-05 20:33:18.533  INFO 16824 --- [RMI TCP Connection(4)-127.0.0.1] o.s.web.servlet.DispatcherServlet        : Completed initialization in 12 ms
2019-09-05 20:33:18.791  INFO 16824 --- [parallel-1] io.lettuce.core.EpollProvider            : Starting without optional epoll library
2019-09-05 20:33:18.808  INFO 16824 --- [parallel-1] io.lettuce.core.KqueueProvider           : Starting without optional kqueue library
2019-09-05 20:42:07.627  WARN 25620 --- [main] ory$DuplicateJsonObjectContextCustomizer : 

Found multiple occurrences of org.json.JSONObject on the class path:

	jar:file:/C:/Users/devel/.m2/repository/com/vaadin/external/google/android-json/0.0.20131108.vaadin1/android-json-0.0.20131108.vaadin1.jar!/org/json/JSONObject.class
	jar:file:/C:/Users/devel/.m2/repository/org/json/json/20140107/json-20140107.jar!/org/json/JSONObject.class

You may wish to exclude one of them to ensure predictable runtime behavior

2019-09-05 20:42:07.650  INFO 25620 --- [main] c.k.c.blog_backstage.bean.ShiroUserTest  : Starting ShiroUserTest on DESKTOP-CB3SDTN with PID 25620 (started by ø™∑¢ in E:\JavaEE\blog_backstage)
2019-09-05 20:42:07.651  INFO 25620 --- [main] c.k.c.blog_backstage.bean.ShiroUserTest  : No active profile set, falling back to default profiles: default
2019-09-05 20:42:09.324  INFO 25620 --- [main] .s.d.r.c.RepositoryConfigurationDelegate : Multiple Spring Data modules found, entering strict repository configuration mode!
2019-09-05 20:42:09.326  INFO 25620 --- [main] .s.d.r.c.RepositoryConfigurationDelegate : Bootstrapping Spring Data repositories in DEFAULT mode.
2019-09-05 20:42:09.690  INFO 25620 --- [main] .s.d.r.c.RepositoryConfigurationDelegate : Finished Spring Data repository scanning in 344ms. Found 5 repository interfaces.
2019-09-05 20:42:09.702  INFO 25620 --- [main] .s.d.r.c.RepositoryConfigurationDelegate : Multiple Spring Data modules found, entering strict repository configuration mode!
2019-09-05 20:42:09.704  INFO 25620 --- [main] .s.d.r.c.RepositoryConfigurationDelegate : Bootstrapping Spring Data repositories in DEFAULT mode.
2019-09-05 20:42:09.740  INFO 25620 --- [main] .RepositoryConfigurationExtensionSupport : Spring Data Redis - Could not safely identify store assignment for repository candidate interface com.karat.cn.blog_backstage.service.reposition.PermissionReposition.
2019-09-05 20:42:09.742  INFO 25620 --- [main] .RepositoryConfigurationExtensionSupport : Spring Data Redis - Could not safely identify store assignment for repository candidate interface com.karat.cn.blog_backstage.service.reposition.RolePermissionReposition.
2019-09-05 20:42:09.744  INFO 25620 --- [main] .RepositoryConfigurationExtensionSupport : Spring Data Redis - Could not safely identify store assignment for repository candidate interface com.karat.cn.blog_backstage.service.reposition.ShiroRoleReposition.
2019-09-05 20:42:09.745  INFO 25620 --- [main] .RepositoryConfigurationExtensionSupport : Spring Data Redis - Could not safely identify store assignment for repository candidate interface com.karat.cn.blog_backstage.service.reposition.ShiroUserReposition.
2019-09-05 20:42:09.748  INFO 25620 --- [main] .RepositoryConfigurationExtensionSupport : Spring Data Redis - Could not safely identify store assignment for repository candidate interface com.karat.cn.blog_backstage.service.reposition.UserRoleReposition.
2019-09-05 20:42:09.748  INFO 25620 --- [main] .s.d.r.c.RepositoryConfigurationDelegate : Finished Spring Data repository scanning in 33ms. Found 0 repository interfaces.
2019-09-05 20:42:10.495  INFO 25620 --- [main] trationDelegate$BeanPostProcessorChecker : Bean 'org.springframework.transaction.annotation.ProxyTransactionManagementConfiguration' of type [org.springframework.transaction.annotation.ProxyTransactionManagementConfiguration$$EnhancerBySpringCGLIB$$5dbda2d8] is not eligible for getting processed by all BeanPostProcessors (for example: not eligible for auto-proxying)
2019-09-05 20:42:10.536  INFO 25620 --- [main] trationDelegate$BeanPostProcessorChecker : Bean 'shiroConfig' of type [com.karat.cn.blog_backstage.config.ShiroConfig$$EnhancerBySpringCGLIB$$392a1021] is not eligible for getting processed by all BeanPostProcessors (for example: not eligible for auto-proxying)
2019-09-05 20:42:10.632  INFO 25620 --- [main] trationDelegate$BeanPostProcessorChecker : Bean '(inner bean)#5a08efdc' of type [org.springframework.beans.factory.config.PropertiesFactoryBean] is not eligible for getting processed by all BeanPostProcessors (for example: not eligible for auto-proxying)
2019-09-05 20:42:10.638  INFO 25620 --- [main] trationDelegate$BeanPostProcessorChecker : Bean '(inner bean)#5a08efdc' of type [java.util.Properties] is not eligible for getting processed by all BeanPostProcessors (for example: not eligible for auto-proxying)
2019-09-05 20:42:10.648  INFO 25620 --- [main] trationDelegate$BeanPostProcessorChecker : Bean '(inner bean)#625dfff3' of type [org.springframework.data.repository.core.support.PropertiesBasedNamedQueries] is not eligible for getting processed by all BeanPostProcessors (for example: not eligible for auto-proxying)
2019-09-05 20:42:10.657  INFO 25620 --- [main] trationDelegate$BeanPostProcessorChecker : Bean '(inner bean)#7544ac86' of type [org.springframework.data.repository.core.support.RepositoryFragmentsFactoryBean] is not eligible for getting processed by all BeanPostProcessors (for example: not eligible for auto-proxying)
2019-09-05 20:42:10.658  INFO 25620 --- [main] trationDelegate$BeanPostProcessorChecker : Bean '(inner bean)#7544ac86' of type [org.springframework.data.repository.core.support.RepositoryComposition$RepositoryFragments] is not eligible for getting processed by all BeanPostProcessors (for example: not eligible for auto-proxying)
2019-09-05 20:42:10.668  INFO 25620 --- [main] trationDelegate$BeanPostProcessorChecker : Bean 'org.springframework.boot.autoconfigure.jdbc.DataSourceConfiguration$Hikari' of type [org.springframework.boot.autoconfigure.jdbc.DataSourceConfiguration$Hikari$$EnhancerBySpringCGLIB$$9e3d0cc5] is not eligible for getting processed by all BeanPostProcessors (for example: not eligible for auto-proxying)
2019-09-05 20:42:10.706  INFO 25620 --- [main] trationDelegate$BeanPostProcessorChecker : Bean 'spring.datasource-org.springframework.boot.autoconfigure.jdbc.DataSourceProperties' of type [org.springframework.boot.autoconfigure.jdbc.DataSourceProperties] is not eligible for getting processed by all BeanPostProcessors (for example: not eligible for auto-proxying)
2019-09-05 20:42:10.749  INFO 25620 --- [main] trationDelegate$BeanPostProcessorChecker : Bean 'dataSource' of type [com.zaxxer.hikari.HikariDataSource] is not eligible for getting processed by all BeanPostProcessors (for example: not eligible for auto-proxying)
2019-09-05 20:42:10.775  INFO 25620 --- [main] trationDelegate$BeanPostProcessorChecker : Bean 'org.springframework.boot.autoconfigure.jdbc.DataSourceInitializerInvoker' of type [org.springframework.boot.autoconfigure.jdbc.DataSourceInitializerInvoker] is not eligible for getting processed by all BeanPostProcessors (for example: not eligible for auto-proxying)
2019-09-05 20:42:10.789  INFO 25620 --- [main] trationDelegate$BeanPostProcessorChecker : Bean 'spring.jpa-org.springframework.boot.autoconfigure.orm.jpa.JpaProperties' of type [org.springframework.boot.autoconfigure.orm.jpa.JpaProperties] is not eligible for getting processed by all BeanPostProcessors (for example: not eligible for auto-proxying)
2019-09-05 20:42:10.798  INFO 25620 --- [main] trationDelegate$BeanPostProcessorChecker : Bean 'spring.jpa.hibernate-org.springframework.boot.autoconfigure.orm.jpa.HibernateProperties' of type [org.springframework.boot.autoconfigure.orm.jpa.HibernateProperties] is not eligible for getting processed by all BeanPostProcessors (for example: not eligible for auto-proxying)
2019-09-05 20:42:10.809  INFO 25620 --- [main] trationDelegate$BeanPostProcessorChecker : Bean 'org.springframework.boot.autoconfigure.transaction.TransactionAutoConfiguration' of type [org.springframework.boot.autoconfigure.transaction.TransactionAutoConfiguration$$EnhancerBySpringCGLIB$$f2319de2] is not eligible for getting processed by all BeanPostProcessors (for example: not eligible for auto-proxying)
2019-09-05 20:42:10.822  INFO 25620 --- [main] trationDelegate$BeanPostProcessorChecker : Bean 'spring.transaction-org.springframework.boot.autoconfigure.transaction.TransactionProperties' of type [org.springframework.boot.autoconfigure.transaction.TransactionProperties] is not eligible for getting processed by all BeanPostProcessors (for example: not eligible for auto-proxying)
2019-09-05 20:42:10.826  INFO 25620 --- [main] trationDelegate$BeanPostProcessorChecker : Bean 'platformTransactionManagerCustomizers' of type [org.springframework.boot.autoconfigure.transaction.TransactionManagerCustomizers] is not eligible for getting processed by all BeanPostProcessors (for example: not eligible for auto-proxying)
2019-09-05 20:42:10.833  INFO 25620 --- [main] trationDelegate$BeanPostProcessorChecker : Bean 'org.springframework.boot.autoconfigure.jdbc.metadata.DataSourcePoolMetadataProvidersConfiguration$HikariPoolDataSourceMetadataProviderConfiguration' of type [org.springframework.boot.autoconfigure.jdbc.metadata.DataSourcePoolMetadataProvidersConfiguration$HikariPoolDataSourceMetadataProviderConfiguration$$EnhancerBySpringCGLIB$$be14cabc] is not eligible for getting processed by all BeanPostProcessors (for example: not eligible for auto-proxying)
2019-09-05 20:42:10.841  INFO 25620 --- [main] trationDelegate$BeanPostProcessorChecker : Bean 'hikariPoolDataSourceMetadataProvider' of type [org.springframework.boot.autoconfigure.jdbc.metadata.DataSourcePoolMetadataProvidersConfiguration$HikariPoolDataSourceMetadataProviderConfiguration$$Lambda$318/627519623] is not eligible for getting processed by all BeanPostProcessors (for example: not eligible for auto-proxying)
2019-09-05 20:42:10.861  INFO 25620 --- [main] trationDelegate$BeanPostProcessorChecker : Bean 'org.springframework.boot.autoconfigure.orm.jpa.HibernateJpaConfiguration' of type [org.springframework.boot.autoconfigure.orm.jpa.HibernateJpaConfiguration$$EnhancerBySpringCGLIB$$7c946547] is not eligible for getting processed by all BeanPostProcessors (for example: not eligible for auto-proxying)
2019-09-05 20:42:10.901  INFO 25620 --- [main] trationDelegate$BeanPostProcessorChecker : Bean 'jpaVendorAdapter' of type [org.springframework.orm.jpa.vendor.HibernateJpaVendorAdapter] is not eligible for getting processed by all BeanPostProcessors (for example: not eligible for auto-proxying)
2019-09-05 20:42:10.909  INFO 25620 --- [main] trationDelegate$BeanPostProcessorChecker : Bean 'entityManagerFactoryBuilder' of type [org.springframework.boot.orm.jpa.EntityManagerFactoryBuilder] is not eligible for getting processed by all BeanPostProcessors (for example: not eligible for auto-proxying)
2019-09-05 20:42:10.928  INFO 25620 --- [main] com.zaxxer.hikari.HikariDataSource       : HikariPool-1 - Starting...
2019-09-05 20:42:10.937  WARN 25620 --- [main] com.zaxxer.hikari.util.DriverDataSource  : Registered driver with driverClassName=com.mysql.jdbc.Driver was not found, trying direct instantiation.
2019-09-05 20:42:12.340  INFO 25620 --- [main] com.zaxxer.hikari.HikariDataSource       : HikariPool-1 - Start completed.
2019-09-05 20:42:12.431  INFO 25620 --- [main] o.hibernate.jpa.internal.util.LogHelper  : HHH000204: Processing PersistenceUnitInfo [
	name: default
	...]
2019-09-05 20:42:12.524  INFO 25620 --- [main] org.hibernate.Version                    : HHH000412: Hibernate Core {5.3.10.Final}
2019-09-05 20:42:12.527  INFO 25620 --- [main] org.hibernate.cfg.Environment            : HHH000206: hibernate.properties not found
2019-09-05 20:42:12.762  INFO 25620 --- [main] o.hibernate.annotations.common.Version   : HCANN000001: Hibernate Commons Annotations {5.0.4.Final}
2019-09-05 20:42:12.992  INFO 25620 --- [main] org.hibernate.dialect.Dialect            : HHH000400: Using dialect: org.hibernate.dialect.MySQL5Dialect
2019-09-05 20:42:13.855  INFO 25620 --- [main] j.LocalContainerEntityManagerFactoryBean : Initialized JPA EntityManagerFactory for persistence unit 'default'
2019-09-05 20:42:13.857  INFO 25620 --- [main] trationDelegate$BeanPostProcessorChecker : Bean 'entityManagerFactory' of type [org.springframework.orm.jpa.LocalContainerEntityManagerFactoryBean] is not eligible for getting processed by all BeanPostProcessors (for example: not eligible for auto-proxying)
2019-09-05 20:42:13.858  INFO 25620 --- [main] trationDelegate$BeanPostProcessorChecker : Bean 'entityManagerFactory' of type [com.sun.proxy.$Proxy108] is not eligible for getting processed by all BeanPostProcessors (for example: not eligible for auto-proxying)
2019-09-05 20:42:13.872  INFO 25620 --- [main] trationDelegate$BeanPostProcessorChecker : Bean '(inner bean)#7a81065e' of type [com.sun.proxy.$Proxy110] is not eligible for getting processed by all BeanPostProcessors (for example: not eligible for auto-proxying)
2019-09-05 20:42:13.889  INFO 25620 --- [main] trationDelegate$BeanPostProcessorChecker : Bean 'jpaMappingContext' of type [org.springframework.data.jpa.repository.config.JpaMetamodelMappingContextFactoryBean] is not eligible for getting processed by all BeanPostProcessors (for example: not eligible for auto-proxying)
2019-09-05 20:42:13.890  INFO 25620 --- [main] trationDelegate$BeanPostProcessorChecker : Bean 'jpaMappingContext' of type [org.springframework.data.jpa.mapping.JpaMetamodelMappingContext] is not eligible for getting processed by all BeanPostProcessors (for example: not eligible for auto-proxying)
2019-09-05 20:42:14.518  INFO 25620 --- [main] trationDelegate$BeanPostProcessorChecker : Bean 'shiroUserReposition' of type [org.springframework.data.jpa.repository.support.JpaRepositoryFactoryBean] is not eligible for getting processed by all BeanPostProcessors (for example: not eligible for auto-proxying)
2019-09-05 20:42:14.520  INFO 25620 --- [main] trationDelegate$BeanPostProcessorChecker : Bean 'shiroUserReposition' of type [com.sun.proxy.$Proxy112] is not eligible for getting processed by all BeanPostProcessors (for example: not eligible for auto-proxying)
2019-09-05 20:42:14.538  INFO 25620 --- [main] trationDelegate$BeanPostProcessorChecker : Bean '(inner bean)#33a71d23' of type [org.springframework.beans.factory.config.PropertiesFactoryBean] is not eligible for getting processed by all BeanPostProcessors (for example: not eligible for auto-proxying)
2019-09-05 20:42:14.539  INFO 25620 --- [main] trationDelegate$BeanPostProcessorChecker : Bean '(inner bean)#33a71d23' of type [java.util.Properties] is not eligible for getting processed by all BeanPostProcessors (for example: not eligible for auto-proxying)
2019-09-05 20:42:14.539  INFO 25620 --- [main] trationDelegate$BeanPostProcessorChecker : Bean '(inner bean)#106459d9' of type [org.springframework.data.repository.core.support.PropertiesBasedNamedQueries] is not eligible for getting processed by all BeanPostProcessors (for example: not eligible for auto-proxying)
2019-09-05 20:42:14.540  INFO 25620 --- [main] trationDelegate$BeanPostProcessorChecker : Bean '(inner bean)#2bcb1414' of type [org.springframework.data.repository.core.support.RepositoryFragmentsFactoryBean] is not eligible for getting processed by all BeanPostProcessors (for example: not eligible for auto-proxying)
2019-09-05 20:42:14.541  INFO 25620 --- [main] trationDelegate$BeanPostProcessorChecker : Bean '(inner bean)#2bcb1414' of type [org.springframework.data.repository.core.support.RepositoryComposition$RepositoryFragments] is not eligible for getting processed by all BeanPostProcessors (for example: not eligible for auto-proxying)
2019-09-05 20:42:14.542  INFO 25620 --- [main] trationDelegate$BeanPostProcessorChecker : Bean '(inner bean)#794d28a3' of type [com.sun.proxy.$Proxy110] is not eligible for getting processed by all BeanPostProcessors (for example: not eligible for auto-proxying)
2019-09-05 20:42:14.556  INFO 25620 --- [main] trationDelegate$BeanPostProcessorChecker : Bean 'userRoleReposition' of type [org.springframework.data.jpa.repository.support.JpaRepositoryFactoryBean] is not eligible for getting processed by all BeanPostProcessors (for example: not eligible for auto-proxying)
2019-09-05 20:42:14.556  INFO 25620 --- [main] trationDelegate$BeanPostProcessorChecker : Bean 'userRoleReposition' of type [com.sun.proxy.$Proxy115] is not eligible for getting processed by all BeanPostProcessors (for example: not eligible for auto-proxying)
2019-09-05 20:42:14.557  INFO 25620 --- [main] trationDelegate$BeanPostProcessorChecker : Bean 'userRoleServiceImpl' of type [com.karat.cn.blog_backstage.service.impl.UserRoleServiceImpl] is not eligible for getting processed by all BeanPostProcessors (for example: not eligible for auto-proxying)
2019-09-05 20:42:14.568  INFO 25620 --- [main] trationDelegate$BeanPostProcessorChecker : Bean '(inner bean)#22899683' of type [org.springframework.beans.factory.config.PropertiesFactoryBean] is not eligible for getting processed by all BeanPostProcessors (for example: not eligible for auto-proxying)
2019-09-05 20:42:14.568  INFO 25620 --- [main] trationDelegate$BeanPostProcessorChecker : Bean '(inner bean)#22899683' of type [java.util.Properties] is not eligible for getting processed by all BeanPostProcessors (for example: not eligible for auto-proxying)
2019-09-05 20:42:14.569  INFO 25620 --- [main] trationDelegate$BeanPostProcessorChecker : Bean '(inner bean)#1a3b1f7e' of type [org.springframework.data.repository.core.support.PropertiesBasedNamedQueries] is not eligible for getting processed by all BeanPostProcessors (for example: not eligible for auto-proxying)
2019-09-05 20:42:14.570  INFO 25620 --- [main] trationDelegate$BeanPostProcessorChecker : Bean '(inner bean)#636fccb0' of type [org.springframework.data.repository.core.support.RepositoryFragmentsFactoryBean] is not eligible for getting processed by all BeanPostProcessors (for example: not eligible for auto-proxying)
2019-09-05 20:42:14.571  INFO 25620 --- [main] trationDelegate$BeanPostProcessorChecker : Bean '(inner bean)#636fccb0' of type [org.springframework.data.repository.core.support.RepositoryComposition$RepositoryFragments] is not eligible for getting processed by all BeanPostProcessors (for example: not eligible for auto-proxying)
2019-09-05 20:42:14.572  INFO 25620 --- [main] trationDelegate$BeanPostProcessorChecker : Bean '(inner bean)#7b332b23' of type [com.sun.proxy.$Proxy110] is not eligible for getting processed by all BeanPostProcessors (for example: not eligible for auto-proxying)
2019-09-05 20:42:14.581  INFO 25620 --- [main] trationDelegate$BeanPostProcessorChecker : Bean 'shiroRoleReposition' of type [org.springframework.data.jpa.repository.support.JpaRepositoryFactoryBean] is not eligible for getting processed by all BeanPostProcessors (for example: not eligible for auto-proxying)
2019-09-05 20:42:14.582  INFO 25620 --- [main] trationDelegate$BeanPostProcessorChecker : Bean 'shiroRoleReposition' of type [com.sun.proxy.$Proxy116] is not eligible for getting processed by all BeanPostProcessors (for example: not eligible for auto-proxying)
2019-09-05 20:42:14.582  INFO 25620 --- [main] trationDelegate$BeanPostProcessorChecker : Bean 'shiroRoleServiceImpl' of type [com.karat.cn.blog_backstage.service.impl.ShiroRoleServiceImpl] is not eligible for getting processed by all BeanPostProcessors (for example: not eligible for auto-proxying)
2019-09-05 20:42:14.591  INFO 25620 --- [main] trationDelegate$BeanPostProcessorChecker : Bean '(inner bean)#4e8afdad' of type [org.springframework.beans.factory.config.PropertiesFactoryBean] is not eligible for getting processed by all BeanPostProcessors (for example: not eligible for auto-proxying)
2019-09-05 20:42:14.591  INFO 25620 --- [main] trationDelegate$BeanPostProcessorChecker : Bean '(inner bean)#4e8afdad' of type [java.util.Properties] is not eligible for getting processed by all BeanPostProcessors (for example: not eligible for auto-proxying)
2019-09-05 20:42:14.592  INFO 25620 --- [main] trationDelegate$BeanPostProcessorChecker : Bean '(inner bean)#3de88f64' of type [org.springframework.data.repository.core.support.PropertiesBasedNamedQueries] is not eligible for getting processed by all BeanPostProcessors (for example: not eligible for auto-proxying)
2019-09-05 20:42:14.592  INFO 25620 --- [main] trationDelegate$BeanPostProcessorChecker : Bean '(inner bean)#57b63253' of type [org.springframework.data.repository.core.support.RepositoryFragmentsFactoryBean] is not eligible for getting processed by all BeanPostProcessors (for example: not eligible for auto-proxying)
2019-09-05 20:42:14.593  INFO 25620 --- [main] trationDelegate$BeanPostProcessorChecker : Bean '(inner bean)#57b63253' of type [org.springframework.data.repository.core.support.RepositoryComposition$RepositoryFragments] is not eligible for getting processed by all BeanPostProcessors (for example: not eligible for auto-proxying)
2019-09-05 20:42:14.593  INFO 25620 --- [main] trationDelegate$BeanPostProcessorChecker : Bean '(inner bean)#2493eec6' of type [com.sun.proxy.$Proxy110] is not eligible for getting processed by all BeanPostProcessors (for example: not eligible for auto-proxying)
2019-09-05 20:42:14.604  INFO 25620 --- [main] trationDelegate$BeanPostProcessorChecker : Bean 'rolePermissionReposition' of type [org.springframework.data.jpa.repository.support.JpaRepositoryFactoryBean] is not eligible for getting processed by all BeanPostProcessors (for example: not eligible for auto-proxying)
2019-09-05 20:42:14.605  INFO 25620 --- [main] trationDelegate$BeanPostProcessorChecker : Bean 'rolePermissionReposition' of type [com.sun.proxy.$Proxy117] is not eligible for getting processed by all BeanPostProcessors (for example: not eligible for auto-proxying)
2019-09-05 20:42:14.605  INFO 25620 --- [main] trationDelegate$BeanPostProcessorChecker : Bean 'rolePermissionServiceImpl' of type [com.karat.cn.blog_backstage.service.impl.RolePermissionServiceImpl] is not eligible for getting processed by all BeanPostProcessors (for example: not eligible for auto-proxying)
2019-09-05 20:42:14.613  INFO 25620 --- [main] trationDelegate$BeanPostProcessorChecker : Bean '(inner bean)#3ba97962' of type [org.springframework.beans.factory.config.PropertiesFactoryBean] is not eligible for getting processed by all BeanPostProcessors (for example: not eligible for auto-proxying)
2019-09-05 20:42:14.614  INFO 25620 --- [main] trationDelegate$BeanPostProcessorChecker : Bean '(inner bean)#3ba97962' of type [java.util.Properties] is not eligible for getting processed by all BeanPostProcessors (for example: not eligible for auto-proxying)
2019-09-05 20:42:14.615  INFO 25620 --- [main] trationDelegate$BeanPostProcessorChecker : Bean '(inner bean)#20231384' of type [org.springframework.data.repository.core.support.PropertiesBasedNamedQueries] is not eligible for getting processed by all BeanPostProcessors (for example: not eligible for auto-proxying)
2019-09-05 20:42:14.617  INFO 25620 --- [main] trationDelegate$BeanPostProcessorChecker : Bean '(inner bean)#73d91faf' of type [org.springframework.data.repository.core.support.RepositoryFragmentsFactoryBean] is not eligible for getting processed by all BeanPostProcessors (for example: not eligible for auto-proxying)
2019-09-05 20:42:14.617  INFO 25620 --- [main] trationDelegate$BeanPostProcessorChecker : Bean '(inner bean)#73d91faf' of type [org.springframework.data.repository.core.support.RepositoryComposition$RepositoryFragments] is not eligible for getting processed by all BeanPostProcessors (for example: not eligible for auto-proxying)
2019-09-05 20:42:14.618  INFO 25620 --- [main] trationDelegate$BeanPostProcessorChecker : Bean '(inner bean)#342723a3' of type [com.sun.proxy.$Proxy110] is not eligible for getting processed by all BeanPostProcessors (for example: not eligible for auto-proxying)
2019-09-05 20:42:14.640  INFO 25620 --- [main] trationDelegate$BeanPostProcessorChecker : Bean 'permissionReposition' of type [org.springframework.data.jpa.repository.support.JpaRepositoryFactoryBean] is not eligible for getting processed by all BeanPostProcessors (for example: not eligible for auto-proxying)
2019-09-05 20:42:14.640  INFO 25620 --- [main] trationDelegate$BeanPostProcessorChecker : Bean 'permissionReposition' of type [com.sun.proxy.$Proxy118] is not eligible for getting processed by all BeanPostProcessors (for example: not eligible for auto-proxying)
2019-09-05 20:42:14.641  INFO 25620 --- [main] trationDelegate$BeanPostProcessorChecker : Bean 'permissionServiceImpl' of type [com.karat.cn.blog_backstage.service.impl.PermissionServiceImpl] is not eligible for getting processed by all BeanPostProcessors (for example: not eligible for auto-proxying)
2019-09-05 20:42:14.641  INFO 25620 --- [main] trationDelegate$BeanPostProcessorChecker : Bean 'shiroUserServiceImpl' of type [com.karat.cn.blog_backstage.service.impl.ShiroUserServiceImpl] is not eligible for getting processed by all BeanPostProcessors (for example: not eligible for auto-proxying)
2019-09-05 20:42:14.642  INFO 25620 --- [main] trationDelegate$BeanPostProcessorChecker : Bean 'myRealm' of type [com.karat.cn.blog_backstage.config.Realm] is not eligible for getting processed by all BeanPostProcessors (for example: not eligible for auto-proxying)
2019-09-05 20:42:14.666  INFO 25620 --- [main] trationDelegate$BeanPostProcessorChecker : Bean 'securityManager' of type [org.apache.shiro.web.mgt.DefaultWebSecurityManager] is not eligible for getting processed by all BeanPostProcessors (for example: not eligible for auto-proxying)
2019-09-05 20:42:14.694  INFO 25620 --- [main] trationDelegate$BeanPostProcessorChecker : Bean 'authorizationAttributeSourceAdvisor' of type [org.apache.shiro.spring.security.interceptor.AuthorizationAttributeSourceAdvisor] is not eligible for getting processed by all BeanPostProcessors (for example: not eligible for auto-proxying)
2019-09-05 20:42:16.370  INFO 25620 --- [main] o.s.s.concurrent.ThreadPoolTaskExecutor  : Initializing ExecutorService 'applicationTaskExecutor'
2019-09-05 20:42:16.461  WARN 25620 --- [main] aWebConfiguration$JpaWebMvcConfiguration : spring.jpa.open-in-view is enabled by default. Therefore, database queries may be performed during view rendering. Explicitly configure spring.jpa.open-in-view to disable this warning
2019-09-05 20:42:16.555  INFO 25620 --- [main] o.s.b.a.w.s.WelcomePageHandlerMapping    : Adding welcome page template: index
2019-09-05 20:42:18.107  INFO 25620 --- [main] o.s.b.a.e.web.EndpointLinksResolver      : Exposing 17 endpoint(s) beneath base path '/actuator'
2019-09-05 20:42:18.302  INFO 25620 --- [main] c.k.c.blog_backstage.bean.ShiroUserTest  : Started ShiroUserTest in 10.957 seconds (JVM running for 12.064)
2019-09-05 20:42:18.422  INFO 25620 --- [main] o.h.h.i.QueryTranslatorFactoryInitiator  : HHH000397: Using ASTQueryTranslatorFactory
2019-09-05 20:42:19.542  INFO 25620 --- [main] .b.t.c.SpringBootTestContextBootstrapper : Neither @ContextConfiguration nor @ContextHierarchy found for test class [com.karat.cn.blog_backstage.BlogBackstageApplicationTests], using SpringBootContextLoader
2019-09-05 20:42:19.543  INFO 25620 --- [main] o.s.t.c.support.AbstractContextLoader    : Could not detect default resource locations for test class [com.karat.cn.blog_backstage.BlogBackstageApplicationTests]: no resource found for suffixes {-context.xml, Context.groovy}.
2019-09-05 20:42:19.543  INFO 25620 --- [main] t.c.s.AnnotationConfigContextLoaderUtils : Could not detect default configuration classes for test class [com.karat.cn.blog_backstage.BlogBackstageApplicationTests]: BlogBackstageApplicationTests does not declare any static, non-private, non-final, nested classes annotated with @Configuration.
2019-09-05 20:42:19.548  INFO 25620 --- [main] .b.t.c.SpringBootTestContextBootstrapper : Found @SpringBootConfiguration com.karat.cn.blog_backstage.BlogBackstageApplication for test class com.karat.cn.blog_backstage.BlogBackstageApplicationTests
2019-09-05 20:42:19.549  INFO 25620 --- [main] .b.t.c.SpringBootTestContextBootstrapper : Loaded default TestExecutionListener class names from location [META-INF/spring.factories]: [org.springframework.boot.test.mock.mockito.MockitoTestExecutionListener, org.springframework.boot.test.mock.mockito.ResetMocksTestExecutionListener, org.springframework.boot.test.autoconfigure.restdocs.RestDocsTestExecutionListener, org.springframework.boot.test.autoconfigure.web.client.MockRestServiceServerResetTestExecutionListener, org.springframework.boot.test.autoconfigure.web.servlet.MockMvcPrintOnlyOnFailureTestExecutionListener, org.springframework.boot.test.autoconfigure.web.servlet.WebDriverTestExecutionListener, org.springframework.test.context.web.ServletTestExecutionListener, org.springframework.test.context.support.DirtiesContextBeforeModesTestExecutionListener, org.springframework.test.context.support.DependencyInjectionTestExecutionListener, org.springframework.test.context.support.DirtiesContextTestExecutionListener, org.springframework.test.context.transaction.TransactionalTestExecutionListener, org.springframework.test.context.jdbc.SqlScriptsTestExecutionListener]
2019-09-05 20:42:19.549  INFO 25620 --- [main] .b.t.c.SpringBootTestContextBootstrapper : Using TestExecutionListeners: [org.springframework.test.context.web.ServletTestExecutionListener@1d57b8f1, org.springframework.test.context.support.DirtiesContextBeforeModesTestExecutionListener@6e5af973, org.springframework.boot.test.mock.mockito.MockitoTestExecutionListener@39a2e77d, org.springframework.boot.test.autoconfigure.SpringBootDependencyInjectionTestExecutionListener@1aee6983, org.springframework.test.context.support.DirtiesContextTestExecutionListener@3adeca1f, org.springframework.test.context.transaction.TransactionalTestExecutionListener@3f62d56, org.springframework.test.context.jdbc.SqlScriptsTestExecutionListener@2d41bb5a, org.springframework.boot.test.mock.mockito.ResetMocksTestExecutionListener@448a6d00, org.springframework.boot.test.autoconfigure.restdocs.RestDocsTestExecutionListener@848d9bc, org.springframework.boot.test.autoconfigure.web.client.MockRestServiceServerResetTestExecutionListener@3a66d97e, org.springframework.boot.test.autoconfigure.web.servlet.MockMvcPrintOnlyOnFailureTestExecutionListener@1add3e03, org.springframework.boot.test.autoconfigure.web.servlet.WebDriverTestExecutionListener@d28a235]
2019-09-05 20:42:19.555  INFO 25620 --- [main] .b.t.c.SpringBootTestContextBootstrapper : Neither @ContextConfiguration nor @ContextHierarchy found for test class [com.karat.cn.blog_backstage.redis.RedisTest], using SpringBootContextLoader
2019-09-05 20:42:19.556  INFO 25620 --- [main] o.s.t.c.support.AbstractContextLoader    : Could not detect default resource locations for test class [com.karat.cn.blog_backstage.redis.RedisTest]: no resource found for suffixes {-context.xml, Context.groovy}.
2019-09-05 20:42:19.556  INFO 25620 --- [main] t.c.s.AnnotationConfigContextLoaderUtils : Could not detect default configuration classes for test class [com.karat.cn.blog_backstage.redis.RedisTest]: RedisTest does not declare any static, non-private, non-final, nested classes annotated with @Configuration.
2019-09-05 20:42:19.564  INFO 25620 --- [main] .b.t.c.SpringBootTestContextBootstrapper : Found @SpringBootConfiguration com.karat.cn.blog_backstage.BlogBackstageApplication for test class com.karat.cn.blog_backstage.redis.RedisTest
2019-09-05 20:42:19.567  INFO 25620 --- [main] .b.t.c.SpringBootTestContextBootstrapper : Loaded default TestExecutionListener class names from location [META-INF/spring.factories]: [org.springframework.boot.test.mock.mockito.MockitoTestExecutionListener, org.springframework.boot.test.mock.mockito.ResetMocksTestExecutionListener, org.springframework.boot.test.autoconfigure.restdocs.RestDocsTestExecutionListener, org.springframework.boot.test.autoconfigure.web.client.MockRestServiceServerResetTestExecutionListener, org.springframework.boot.test.autoconfigure.web.servlet.MockMvcPrintOnlyOnFailureTestExecutionListener, org.springframework.boot.test.autoconfigure.web.servlet.WebDriverTestExecutionListener, org.springframework.test.context.web.ServletTestExecutionListener, org.springframework.test.context.support.DirtiesContextBeforeModesTestExecutionListener, org.springframework.test.context.support.DependencyInjectionTestExecutionListener, org.springframework.test.context.support.DirtiesContextTestExecutionListener, org.springframework.test.context.transaction.TransactionalTestExecutionListener, org.springframework.test.context.jdbc.SqlScriptsTestExecutionListener]
2019-09-05 20:42:19.567  INFO 25620 --- [main] .b.t.c.SpringBootTestContextBootstrapper : Using TestExecutionListeners: [org.springframework.test.context.web.ServletTestExecutionListener@75db328e, org.springframework.test.context.support.DirtiesContextBeforeModesTestExecutionListener@46d18a33, org.springframework.boot.test.mock.mockito.MockitoTestExecutionListener@495f3965, org.springframework.boot.test.autoconfigure.SpringBootDependencyInjectionTestExecutionListener@1c06f19c, org.springframework.test.context.support.DirtiesContextTestExecutionListener@3065efd0, org.springframework.test.context.transaction.TransactionalTestExecutionListener@7aaf6bfd, org.springframework.test.context.jdbc.SqlScriptsTestExecutionListener@4a8bf1dc, org.springframework.boot.test.mock.mockito.ResetMocksTestExecutionListener@61aa6300, org.springframework.boot.test.autoconfigure.restdocs.RestDocsTestExecutionListener@7e2e0b8a, org.springframework.boot.test.autoconfigure.web.client.MockRestServiceServerResetTestExecutionListener@7f5f7731, org.springframework.boot.test.autoconfigure.web.servlet.MockMvcPrintOnlyOnFailureTestExecutionListener@6a4f7c17, org.springframework.boot.test.autoconfigure.web.servlet.WebDriverTestExecutionListener@584fb03d]
2019-09-05 20:42:19.741  INFO 25620 --- [main] io.lettuce.core.EpollProvider            : Starting without optional epoll library
2019-09-05 20:42:19.742  INFO 25620 --- [main] io.lettuce.core.KqueueProvider           : Starting without optional kqueue library
2019-09-05 20:42:21.342  INFO 25620 --- [main] .b.t.c.SpringBootTestContextBootstrapper : Neither @ContextConfiguration nor @ContextHierarchy found for test class [com.karat.cn.blog_backstage.redis.StudentTest], using SpringBootContextLoader
2019-09-05 20:42:21.342  INFO 25620 --- [main] o.s.t.c.support.AbstractContextLoader    : Could not detect default resource locations for test class [com.karat.cn.blog_backstage.redis.StudentTest]: no resource found for suffixes {-context.xml, Context.groovy}.
2019-09-05 20:42:21.342  INFO 25620 --- [main] t.c.s.AnnotationConfigContextLoaderUtils : Could not detect default configuration classes for test class [com.karat.cn.blog_backstage.redis.StudentTest]: StudentTest does not declare any static, non-private, non-final, nested classes annotated with @Configuration.
2019-09-05 20:42:21.345  INFO 25620 --- [main] .b.t.c.SpringBootTestContextBootstrapper : Found @SpringBootConfiguration com.karat.cn.blog_backstage.BlogBackstageApplication for test class com.karat.cn.blog_backstage.redis.StudentTest
2019-09-05 20:42:21.346  INFO 25620 --- [main] .b.t.c.SpringBootTestContextBootstrapper : Loaded default TestExecutionListener class names from location [META-INF/spring.factories]: [org.springframework.boot.test.mock.mockito.MockitoTestExecutionListener, org.springframework.boot.test.mock.mockito.ResetMocksTestExecutionListener, org.springframework.boot.test.autoconfigure.restdocs.RestDocsTestExecutionListener, org.springframework.boot.test.autoconfigure.web.client.MockRestServiceServerResetTestExecutionListener, org.springframework.boot.test.autoconfigure.web.servlet.MockMvcPrintOnlyOnFailureTestExecutionListener, org.springframework.boot.test.autoconfigure.web.servlet.WebDriverTestExecutionListener, org.springframework.test.context.web.ServletTestExecutionListener, org.springframework.test.context.support.DirtiesContextBeforeModesTestExecutionListener, org.springframework.test.context.support.DependencyInjectionTestExecutionListener, org.springframework.test.context.support.DirtiesContextTestExecutionListener, org.springframework.test.context.transaction.TransactionalTestExecutionListener, org.springframework.test.context.jdbc.SqlScriptsTestExecutionListener]
2019-09-05 20:42:21.347  INFO 25620 --- [main] .b.t.c.SpringBootTestContextBootstrapper : Using TestExecutionListeners: [org.springframework.test.context.web.ServletTestExecutionListener@5c0d3715, org.springframework.test.context.support.DirtiesContextBeforeModesTestExecutionListener@5d67bf4d, org.springframework.boot.test.mock.mockito.MockitoTestExecutionListener@31de8099, org.springframework.boot.test.autoconfigure.SpringBootDependencyInjectionTestExecutionListener@40d04cf8, org.springframework.test.context.support.DirtiesContextTestExecutionListener@75507e68, org.springframework.test.context.transaction.TransactionalTestExecutionListener@152d2a58, org.springframework.test.context.jdbc.SqlScriptsTestExecutionListener@50b2ba2c, org.springframework.boot.test.mock.mockito.ResetMocksTestExecutionListener@12478b4e, org.springframework.boot.test.autoconfigure.restdocs.RestDocsTestExecutionListener@64921450, org.springframework.boot.test.autoconfigure.web.client.MockRestServiceServerResetTestExecutionListener@18918d70, org.springframework.boot.test.autoconfigure.web.servlet.MockMvcPrintOnlyOnFailureTestExecutionListener@5d373794, org.springframework.boot.test.autoconfigure.web.servlet.WebDriverTestExecutionListener@7304ca87]
2019-09-05 20:42:21.723  INFO 25620 --- [Thread-2] o.s.s.concurrent.ThreadPoolTaskExecutor  : Shutting down ExecutorService 'applicationTaskExecutor'
2019-09-05 20:42:22.852  INFO 25620 --- [Thread-2] j.LocalContainerEntityManagerFactoryBean : Closing JPA EntityManagerFactory for persistence unit 'default'
2019-09-05 20:42:22.854  INFO 25620 --- [Thread-2] com.zaxxer.hikari.HikariDataSource       : HikariPool-1 - Shutdown initiated...
2019-09-05 20:42:22.863  INFO 25620 --- [Thread-2] com.zaxxer.hikari.HikariDataSource       : HikariPool-1 - Shutdown completed.
